[      75ms] [ERROR] Failed to load resource: the server responded with a status of 404 (Not Found) @ http://localhost:4200/api/cache/load:0
[      75ms] [ERROR] API Error: loadCache Error: Cache directory not found: /Users/louloulin/Documents/linchong/ai/AiNiee-Next/output/demo_project/cache. Please check if the project path is correct.
    at Object.loadCache (http://localhost:4200/services/DataService.ts:718:15)
    at async loadBilingualData (http://localhost:4200/pages/BilingualView.tsx:38:9) @ http://localhost:4200/services/DataService.ts:721
[      75ms] [ERROR] Failed to load bilingual data: Error: Cache directory not found: /Users/louloulin/Documents/linchong/ai/AiNiee-Next/output/demo_project/cache. Please check if the project path is correct.
    at Object.loadCache (http://localhost:4200/services/DataService.ts:718:15)
    at async loadBilingualData (http://localhost:4200/pages/BilingualView.tsx:38:9) @ http://localhost:4200/pages/BilingualView.tsx:55
[      75ms] [ERROR] Failed to load resource: the server responded with a status of 404 (Not Found) @ http://localhost:4200/api/cache/load:0
[      84ms] [ERROR] API Error: loadCache Error: Cache directory not found: /Users/louloulin/Documents/linchong/ai/AiNiee-Next/output/demo_project/cache. Please check if the project path is correct.
    at Object.loadCache (http://localhost:4200/services/DataService.ts:718:15)
    at async loadBilingualData (http://localhost:4200/pages/BilingualView.tsx:38:9) @ http://localhost:4200/services/DataService.ts:721
[      85ms] [ERROR] Failed to load bilingual data: Error: Cache directory not found: /Users/louloulin/Documents/linchong/ai/AiNiee-Next/output/demo_project/cache. Please check if the project path is correct.
    at Object.loadCache (http://localhost:4200/services/DataService.ts:718:15)
    at async loadBilingualData (http://localhost:4200/pages/BilingualView.tsx:38:9) @ http://localhost:4200/pages/BilingualView.tsx:55
[   12928ms] [ERROR] Failed to load resource: the server responded with a status of 404 (Not Found) @ http://localhost:4200/api/cache/load:0
[   12928ms] [ERROR] API Error: loadCache Error: Cache directory not found: /Users/louloulin/Documents/linchong/ai/AiNiee-Next/output/demo_project/cache. Please check if the project path is correct.
    at Object.loadCache (http://localhost:4200/services/DataService.ts:718:15)
    at async loadProjectAndCache (http://localhost:4200/pages/Editor.tsx:127:9) @ http://localhost:4200/services/DataService.ts:721
[   12928ms] [ERROR] Failed to load project Error: Cache directory not found: /Users/louloulin/Documents/linchong/ai/AiNiee-Next/output/demo_project/cache. Please check if the project path is correct.
    at Object.loadCache (http://localhost:4200/services/DataService.ts:718:15)
    at async loadProjectAndCache (http://localhost:4200/pages/Editor.tsx:127:9) @ http://localhost:4200/pages/Editor.tsx:130
[   12960ms] [ERROR] Failed to load resource: the server responded with a status of 404 (Not Found) @ http://localhost:4200/api/cache/load:0
[   12961ms] [ERROR] API Error: loadCache Error: Cache directory not found: /Users/louloulin/Documents/linchong/ai/AiNiee-Next/output/demo_project/cache. Please check if the project path is correct.
    at Object.loadCache (http://localhost:4200/services/DataService.ts:718:15)
    at async loadProjectAndCache (http://localhost:4200/pages/Editor.tsx:127:9) @ http://localhost:4200/services/DataService.ts:721
[   12961ms] [ERROR] Failed to load project Error: Cache directory not found: /Users/louloulin/Documents/linchong/ai/AiNiee-Next/output/demo_project/cache. Please check if the project path is correct.
    at Object.loadCache (http://localhost:4200/services/DataService.ts:718:15)
    at async loadProjectAndCache (http://localhost:4200/pages/Editor.tsx:127:9) @ http://localhost:4200/pages/Editor.tsx:130
