[      53ms] [WARNING] cdn.tailwindcss.com should not be used in production. To use Tailwind CSS in production, install it as a PostCSS plugin or use the Tailwind CLI: https://tailwindcss.com/docs/installation @ https://cdn.tailwindcss.com/:63
[     307ms] [ERROR] Failed to load resource: the server responded with a status of 404 (Not Found) @ http://localhost:4200/favicon.ico:0
[    8297ms] [WARNING] The width(-1) and height(-1) of chart should be greater than 0,
       please check the style of container, or the props width(100%) and height(100%),
       or add a minWidth(0) or minHeight(undefined) or use aspect(undefined) to control the
       height and width. @ http://localhost:4200/node_modules/.vite/deps/recharts.js?v=8b504ea8:9025
[    8297ms] [WARNING] The width(-1) and height(-1) of chart should be greater than 0,
       please check the style of container, or the props width(100%) and height(100%),
       or add a minWidth(0) or minHeight(undefined) or use aspect(undefined) to control the
       height and width. @ http://localhost:4200/node_modules/.vite/deps/recharts.js?v=8b504ea8:9025
[   25509ms] [WARNING] The width(-1) and height(-1) of chart should be greater than 0,
       please check the style of container, or the props width(100%) and height(100%),
       or add a minWidth(0) or minHeight(undefined) or use aspect(undefined) to control the
       height and width. @ http://localhost:4200/node_modules/.vite/deps/recharts.js?v=8b504ea8:9025
[   25509ms] [WARNING] The width(-1) and height(-1) of chart should be greater than 0,
       please check the style of container, or the props width(100%) and height(100%),
       or add a minWidth(0) or minHeight(undefined) or use aspect(undefined) to control the
       height and width. @ http://localhost:4200/node_modules/.vite/deps/recharts.js?v=8b504ea8:9025
[   44777ms] [ERROR] Failed to load resource: the server responded with a status of 404 (Not Found) @ http://localhost:4200/api/cache/load:0
[   44777ms] [ERROR] Failed to load resource: the server responded with a status of 404 (Not Found) @ http://localhost:4200/api/cache/load:0
[   44777ms] [ERROR] API Error: loadCache Error: Cache directory not found: /Users/louloulin/Documents/linchong/ai/AiNiee-Next/output/demo_project/cache. Please check if the project path is correct.
    at Object.loadCache (http://localhost:4200/services/DataService.ts?t=1772172705642:718:15)
    at async loadProjectAndCache (http://localhost:4200/pages/Editor.tsx?t=1772177309895:73:9) @ http://localhost:4200/services/DataService.ts?t=1772172705642:721
[   44777ms] [ERROR] Failed to load project Error: Cache directory not found: /Users/louloulin/Documents/linchong/ai/AiNiee-Next/output/demo_project/cache. Please check if the project path is correct.
    at Object.loadCache (http://localhost:4200/services/DataService.ts?t=1772172705642:718:15)
    at async loadProjectAndCache (http://localhost:4200/pages/Editor.tsx?t=1772177309895:73:9) @ http://localhost:4200/pages/Editor.tsx?t=1772177309895:76
[   44777ms] [ERROR] API Error: loadCache Error: Cache directory not found: /Users/louloulin/Documents/linchong/ai/AiNiee-Next/output/demo_project/cache. Please check if the project path is correct.
    at Object.loadCache (http://localhost:4200/services/DataService.ts?t=1772172705642:718:15)
    at async loadProjectAndCache (http://localhost:4200/pages/Editor.tsx?t=1772177309895:73:9) @ http://localhost:4200/services/DataService.ts?t=1772172705642:721
[   44777ms] [ERROR] Failed to load project Error: Cache directory not found: /Users/louloulin/Documents/linchong/ai/AiNiee-Next/output/demo_project/cache. Please check if the project path is correct.
    at Object.loadCache (http://localhost:4200/services/DataService.ts?t=1772172705642:718:15)
    at async loadProjectAndCache (http://localhost:4200/pages/Editor.tsx?t=1772177309895:73:9) @ http://localhost:4200/pages/Editor.tsx?t=1772177309895:76
