2026-02-27T08:23:15.506489Z  WARN ralph::preflight: Config file "ralph.yml" not found, using defaults
2026-02-27T08:23:15.506682Z  INFO ralph: Loop lock held by PID 18216 (# AiNiee-Next 代码分析与改造计划

## 重要
实现相关的功能，更新标记相关的实), spawning parallel loop in worktree
2026-02-27T08:23:15.753649Z  INFO ralph: Created worktree at /Users/louloulin/Documents/linchong/ai/AiNiee-Next/.worktrees/chipper-crane on branch ralph/chipper-crane
2026-02-27T08:23:15.862574Z  INFO ralph_core::event_loop: Memory injection check: enabled=true, inject=Auto, workspace_root="/Users/louloulin/Documents/linchong/ai/AiNiee-Next/.worktrees/chipper-crane"
2026-02-27T08:23:15.862600Z  INFO ralph_core::event_loop: Looking for memories at: "/Users/louloulin/Documents/linchong/ai/AiNiee-Next/.worktrees/chipper-crane/.ralph/agent/memories.md" (exists: true)
2026-02-27T08:23:15.863169Z  INFO ralph_core::event_loop: Successfully loaded 1 memories from store
2026-02-27T08:23:15.863177Z  INFO ralph_core::event_loop: Injecting 1 memories (346 chars) into prompt
2026-02-27T08:23:15.863232Z  INFO ralph_core::event_loop: Injecting ready tasks (0 ready, 0 open, 2 closed) into prompt
2026-02-27T08:29:16.902635Z  INFO ralph_core::event_loop: Completion event detected in JSONL topic=LOOP_COMPLETE
2026-02-27T08:29:16.903084Z  INFO ralph_core::event_loop: Completion event detected - terminating
2026-02-27T08:29:16.903102Z  INFO ralph::loop_runner: Completion event LOOP_COMPLETE detected.
2026-02-27T08:29:16.903112Z  INFO ralph_core::event_loop: Wrapping up: completed. 1 iterations in 6m 1s. reason=completed iterations=1 duration=6m 1s
2026-02-27T08:29:16.915933Z  INFO ralph_core::landing: Beginning landing sequence loop_id=chipper-crane
2026-02-27T08:29:16.997828Z  INFO ralph_core::landing: Auto-committed changes during landing loop_id=chipper-crane commit=Some("e1825d23875ba0951d714ea288f2e1c70404ee72") files=22
2026-02-27T08:29:18.006735Z  INFO ralph_core::landing: Generated handoff file loop_id=chipper-crane path=/Users/louloulin/Documents/linchong/ai/AiNiee-Next/.worktrees/chipper-crane/.ralph/agent/handoff.md completed=6 open=0
2026-02-27T08:29:18.020336Z  INFO ralph_core::loop_completion: Landing completed with auto-commit commit=Some("e1825d23875ba0951d714ea288f2e1c70404ee72") handoff=/Users/louloulin/Documents/linchong/ai/AiNiee-Next/.worktrees/chipper-crane/.ralph/agent/handoff.md
2026-02-27T08:29:18.020354Z  INFO ralph_core::loop_completion: Loop completed - worktree preserved for manual merge (--no-auto-merge) loop_id=chipper-crane worktree=/Users/louloulin/Documents/linchong/ai/AiNiee-Next/.worktrees/chipper-crane
2026-02-27T08:29:18.020358Z  INFO ralph::loop_runner: Loop completed. To merge manually: cd /Users/louloulin/Documents/linchong/ai/AiNiee-Next/.worktrees/chipper-crane && git merge loop_id=chipper-crane
2026-02-27T08:30:31.046080Z  INFO ralph_tui::app: Ctrl+C detected, signaling main loop
