2026-02-27T08:15:08.887829Z  WARN ralph::preflight: Config file "ralph.yml" not found, using defaults
2026-02-27T08:15:08.994702Z  INFO ralph_core::event_loop: Memory injection check: enabled=true, inject=Auto, workspace_root="/Users/louloulin/Documents/linchong/ai/AiNiee-Next"
2026-02-27T08:15:08.994724Z  INFO ralph_core::event_loop: Looking for memories at: "/Users/louloulin/Documents/linchong/ai/AiNiee-Next/.ralph/agent/memories.md" (exists: true)
2026-02-27T08:15:08.995227Z  INFO ralph_core::event_loop: Successfully loaded 1 memories from store
2026-02-27T08:15:08.995235Z  INFO ralph_core::event_loop: Injecting 1 memories (346 chars) into prompt
2026-02-27T08:15:08.995299Z  INFO ralph_core::event_loop: Injecting ready tasks (0 ready, 0 open, 2 closed) into prompt
2026-02-27T08:19:22.770760Z  INFO ralph_core::event_loop: Memory injection check: enabled=true, inject=Auto, workspace_root="/Users/louloulin/Documents/linchong/ai/AiNiee-Next"
2026-02-27T08:19:22.770847Z  INFO ralph_core::event_loop: Looking for memories at: "/Users/louloulin/Documents/linchong/ai/AiNiee-Next/.ralph/agent/memories.md" (exists: true)
2026-02-27T08:19:22.770957Z  INFO ralph_core::event_loop: Successfully loaded 1 memories from store
2026-02-27T08:19:22.770970Z  INFO ralph_core::event_loop: Injecting 1 memories (346 chars) into prompt
2026-02-27T08:19:22.771012Z  INFO ralph_core::event_loop: Injecting scratchpad (1176 chars) into prompt
2026-02-27T08:19:22.771110Z  INFO ralph_core::event_loop: Injecting ready tasks (0 ready, 0 open, 2 closed) into prompt
2026-02-27T08:19:59.012819Z  INFO ralph_core::event_loop: Memory injection check: enabled=true, inject=Auto, workspace_root="/Users/louloulin/Documents/linchong/ai/AiNiee-Next"
2026-02-27T08:19:59.012852Z  INFO ralph_core::event_loop: Looking for memories at: "/Users/louloulin/Documents/linchong/ai/AiNiee-Next/.ralph/agent/memories.md" (exists: true)
2026-02-27T08:19:59.012932Z  INFO ralph_core::event_loop: Successfully loaded 1 memories from store
2026-02-27T08:19:59.012946Z  INFO ralph_core::event_loop: Injecting 1 memories (346 chars) into prompt
2026-02-27T08:19:59.012981Z  INFO ralph_core::event_loop: Injecting scratchpad (1176 chars) into prompt
2026-02-27T08:19:59.013050Z  INFO ralph_core::event_loop: Injecting ready tasks (0 ready, 0 open, 2 closed) into prompt
2026-02-27T08:20:33.175073Z  INFO ralph_core::event_loop: Memory injection check: enabled=true, inject=Auto, workspace_root="/Users/louloulin/Documents/linchong/ai/AiNiee-Next"
2026-02-27T08:20:33.175102Z  INFO ralph_core::event_loop: Looking for memories at: "/Users/louloulin/Documents/linchong/ai/AiNiee-Next/.ralph/agent/memories.md" (exists: true)
2026-02-27T08:20:33.175185Z  INFO ralph_core::event_loop: Successfully loaded 1 memories from store
2026-02-27T08:20:33.175192Z  INFO ralph_core::event_loop: Injecting 1 memories (346 chars) into prompt
2026-02-27T08:20:33.175230Z  INFO ralph_core::event_loop: Injecting scratchpad (1176 chars) into prompt
2026-02-27T08:20:33.175294Z  INFO ralph_core::event_loop: Injecting ready tasks (0 ready, 0 open, 2 closed) into prompt
