2026-02-27T16:03:21.683958Z  WARN ralph::preflight: Config file "ralph.yml" not found, using defaults
2026-02-27T16:03:21.803975Z  INFO ralph_core::event_loop: Memory injection check: enabled=true, inject=Auto, workspace_root="/Users/louloulin/Documents/linchong/ai/AiNiee-Next"
2026-02-27T16:03:21.804015Z  INFO ralph_core::event_loop: Looking for memories at: "/Users/louloulin/Documents/linchong/ai/AiNiee-Next/.ralph/agent/memories.md" (exists: true)
2026-02-27T16:03:21.805502Z  INFO ralph_core::event_loop: Successfully loaded 15 memories from store
2026-02-27T16:03:21.805543Z  INFO ralph_core::event_loop: Injecting 15 memories (6155 chars) into prompt
2026-02-27T16:03:21.805986Z  INFO ralph_core::event_loop: Injecting ready tasks (0 ready, 0 open, 46 closed) into prompt
2026-02-27T16:08:05.200281Z  INFO ralph_core::event_loop: Memory injection check: enabled=true, inject=Auto, workspace_root="/Users/louloulin/Documents/linchong/ai/AiNiee-Next"
2026-02-27T16:08:05.200307Z  INFO ralph_core::event_loop: Looking for memories at: "/Users/louloulin/Documents/linchong/ai/AiNiee-Next/.ralph/agent/memories.md" (exists: true)
2026-02-27T16:08:05.200721Z  INFO ralph_core::event_loop: Successfully loaded 15 memories from store
2026-02-27T16:08:05.200745Z  INFO ralph_core::event_loop: Injecting 15 memories (6155 chars) into prompt
2026-02-27T16:08:05.200965Z  INFO ralph_core::event_loop: Injecting ready tasks (0 ready, 0 open, 46 closed) into prompt
2026-02-27T16:16:33.948186Z  INFO ralph_core::event_loop: Memory injection check: enabled=true, inject=Auto, workspace_root="/Users/louloulin/Documents/linchong/ai/AiNiee-Next"
2026-02-27T16:16:33.948222Z  INFO ralph_core::event_loop: Looking for memories at: "/Users/louloulin/Documents/linchong/ai/AiNiee-Next/.ralph/agent/memories.md" (exists: true)
2026-02-27T16:16:33.948587Z  INFO ralph_core::event_loop: Successfully loaded 15 memories from store
2026-02-27T16:16:33.948604Z  INFO ralph_core::event_loop: Injecting 15 memories (6155 chars) into prompt
2026-02-27T16:16:33.948853Z  INFO ralph_core::event_loop: Injecting ready tasks (3 ready, 3 open, 46 closed) into prompt
2026-02-27T16:30:19.590064Z  INFO ralph_core::event_loop: Memory injection check: enabled=true, inject=Auto, workspace_root="/Users/louloulin/Documents/linchong/ai/AiNiee-Next"
2026-02-27T16:30:19.590089Z  INFO ralph_core::event_loop: Looking for memories at: "/Users/louloulin/Documents/linchong/ai/AiNiee-Next/.ralph/agent/memories.md" (exists: true)
2026-02-27T16:30:19.591001Z  INFO ralph_core::event_loop: Successfully loaded 15 memories from store
2026-02-27T16:30:19.591017Z  INFO ralph_core::event_loop: Injecting 15 memories (6155 chars) into prompt
2026-02-27T16:30:19.591110Z  INFO ralph_core::event_loop: Injecting ready tasks (3 ready, 3 open, 46 closed) into prompt
2026-02-27T16:32:07.804828Z  INFO ralph_core::event_loop: Memory injection check: enabled=true, inject=Auto, workspace_root="/Users/louloulin/Documents/linchong/ai/AiNiee-Next"
2026-02-27T16:32:07.804855Z  INFO ralph_core::event_loop: Looking for memories at: "/Users/louloulin/Documents/linchong/ai/AiNiee-Next/.ralph/agent/memories.md" (exists: true)
2026-02-27T16:32:07.804950Z  INFO ralph_core::event_loop: Successfully loaded 15 memories from store
2026-02-27T16:32:07.804963Z  INFO ralph_core::event_loop: Injecting 15 memories (6155 chars) into prompt
2026-02-27T16:32:07.805039Z  INFO ralph_core::event_loop: Injecting ready tasks (3 ready, 3 open, 46 closed) into prompt
2026-02-27T16:40:15.990956Z  INFO ralph_core::event_loop: Memory injection check: enabled=true, inject=Auto, workspace_root="/Users/louloulin/Documents/linchong/ai/AiNiee-Next"
2026-02-27T16:40:15.990991Z  INFO ralph_core::event_loop: Looking for memories at: "/Users/louloulin/Documents/linchong/ai/AiNiee-Next/.ralph/agent/memories.md" (exists: true)
2026-02-27T16:40:15.993285Z  INFO ralph_core::event_loop: Successfully loaded 15 memories from store
2026-02-27T16:40:15.993328Z  INFO ralph_core::event_loop: Injecting 15 memories (6155 chars) into prompt
2026-02-27T16:40:15.993655Z  INFO ralph_core::event_loop: Injecting ready tasks (3 ready, 3 open, 46 closed) into prompt
2026-02-27T16:47:36.308996Z  INFO ralph_core::event_loop: Memory injection check: enabled=true, inject=Auto, workspace_root="/Users/louloulin/Documents/linchong/ai/AiNiee-Next"
2026-02-27T16:47:36.309025Z  INFO ralph_core::event_loop: Looking for memories at: "/Users/louloulin/Documents/linchong/ai/AiNiee-Next/.ralph/agent/memories.md" (exists: true)
2026-02-27T16:47:36.309849Z  INFO ralph_core::event_loop: Successfully loaded 15 memories from store
2026-02-27T16:47:36.309864Z  INFO ralph_core::event_loop: Injecting 15 memories (6155 chars) into prompt
2026-02-27T16:47:36.310198Z  INFO ralph_core::event_loop: Injecting ready tasks (3 ready, 3 open, 46 closed) into prompt
2026-02-27T16:51:31.712802Z  INFO ralph_core::event_loop: Completion event detected in JSONL topic=LOOP_COMPLETE
2026-02-27T16:51:31.712917Z  INFO ralph_core::event_loop: Completion event detected - terminating
2026-02-27T16:51:31.712933Z  INFO ralph::loop_runner: Completion event LOOP_COMPLETE detected.
2026-02-27T16:51:31.712940Z  INFO ralph_core::event_loop: Wrapping up: completed. 7 iterations in 48m 9s. reason=completed iterations=7 duration=48m 9s
2026-02-27T16:51:31.723130Z  INFO ralph_core::landing: Beginning landing sequence loop_id=primary
