2026-02-27T05:35:36.776758Z  WARN ralph::preflight: Config file "ralph.yml" not found, using defaults
2026-02-27T05:35:36.885816Z  INFO ralph_core::event_loop: Memory injection check: enabled=true, inject=Auto, workspace_root="/Users/louloulin/Documents/linchong/ai/AiNiee-Next"
2026-02-27T05:35:36.885835Z  INFO ralph_core::event_loop: Looking for memories at: "/Users/louloulin/Documents/linchong/ai/AiNiee-Next/.ralph/agent/memories.md" (exists: true)
2026-02-27T05:35:36.886822Z  INFO ralph_core::event_loop: Successfully loaded 2 memories from store
2026-02-27T05:35:36.886831Z  INFO ralph_core::event_loop: Injecting 2 memories (631 chars) into prompt
2026-02-27T05:35:36.887271Z  INFO ralph_core::event_loop: Injecting ready tasks (5 ready, 5 open, 18 closed) into prompt
2026-02-27T05:43:56.898000Z  INFO ralph_core::event_loop: Memory injection check: enabled=true, inject=Auto, workspace_root="/Users/louloulin/Documents/linchong/ai/AiNiee-Next"
2026-02-27T05:43:56.898276Z  INFO ralph_core::event_loop: Looking for memories at: "/Users/louloulin/Documents/linchong/ai/AiNiee-Next/.ralph/agent/memories.md" (exists: true)
2026-02-27T05:43:56.898585Z  INFO ralph_core::event_loop: Successfully loaded 3 memories from store
2026-02-27T05:43:56.898598Z  INFO ralph_core::event_loop: Injecting 3 memories (894 chars) into prompt
2026-02-27T05:43:56.898761Z  INFO ralph_core::event_loop: Injecting scratchpad (2564 chars) into prompt
2026-02-27T05:43:56.898981Z  INFO ralph_core::event_loop: Injecting ready tasks (6 ready, 6 open, 19 closed) into prompt
2026-02-27T05:57:02.627043Z  INFO ralph_core::event_loop: Completion event detected in JSONL topic=LOOP_COMPLETE
2026-02-27T05:57:02.627443Z  WARN ralph_core::event_loop: Completion event with 5 open task(s) - trusting agent decision open_tasks=["task-1772153791-9ee5: TUI: Add search dialog functionality", "task-1772153794-17b3: Web: Enhance cache editor with Monaco Editor", "task-1772153798-98db: TUI: Add scheduled task configuration UI", "task-1772153801-fefc: Web: Add scheduled task configuration UI", "task-1772153803-ad7e: Qt: Add bilingual comparison display to MonitoringPage"]
2026-02-27T05:57:02.627460Z  INFO ralph_core::event_loop: Completion event detected - terminating
2026-02-27T05:57:02.627473Z  INFO ralph::loop_runner: Completion event LOOP_COMPLETE detected.
2026-02-27T05:57:02.627481Z  INFO ralph_core::event_loop: Wrapping up: completed. 2 iterations in 21m 25s. reason=completed iterations=2 duration=21m 25s
2026-02-27T05:57:02.640932Z  INFO ralph_core::landing: Beginning landing sequence loop_id=primary
2026-02-27T05:57:02.641009Z  WARN ralph_core::landing: Landing with 5 open tasks loop_id=primary open_tasks=["task-1772153791-9ee5", "task-1772153794-17b3", "task-1772153798-98db", "task-1772153801-fefc", "task-1772153803-ad7e"]
2026-02-27T05:57:02.754655Z  INFO ralph_core::landing: Auto-committed changes during landing loop_id=primary commit=Some("4c1fc30088aceb8258dbe65f256db07a4a4da050") files=13
2026-02-27T05:57:04.506764Z  INFO ralph_core::landing: Generated handoff file loop_id=primary path=/Users/louloulin/Documents/linchong/ai/AiNiee-Next/.ralph/agent/handoff.md completed=20 open=5
2026-02-27T05:57:04.532371Z  INFO ralph_core::loop_completion: Landing completed with auto-commit commit=Some("4c1fc30088aceb8258dbe65f256db07a4a4da050") handoff=/Users/louloulin/Documents/linchong/ai/AiNiee-Next/.ralph/agent/handoff.md
2026-02-27T05:57:04.532394Z  INFO ralph::loop_runner: Primary loop landed successfully committed=true handoff=/Users/louloulin/Documents/linchong/ai/AiNiee-Next/.ralph/agent/handoff.md open_tasks=5
2026-02-27T06:06:39.403226Z  INFO ralph_tui::app: Ctrl+C detected, signaling main loop
