2026-02-27T08:11:19.147802Z  WARN ralph::preflight: Config file "ralph.yml" not found, using defaults
2026-02-27T08:11:19.147991Z  INFO ralph: Loop lock held by PID 7581 (# AiNiee-Next 代码分析与改造计划

## 重要
实现相关的功能，更新标记相关的实), spawning parallel loop in worktree
2026-02-27T08:11:19.482664Z  INFO ralph: Created worktree at /Users/louloulin/Documents/linchong/ai/AiNiee-Next/.worktrees/agile-wolf on branch ralph/agile-wolf
2026-02-27T08:11:19.593753Z  INFO ralph_core::event_loop: Memory injection check: enabled=true, inject=Auto, workspace_root="/Users/louloulin/Documents/linchong/ai/AiNiee-Next/.worktrees/agile-wolf"
2026-02-27T08:11:19.593772Z  INFO ralph_core::event_loop: Looking for memories at: "/Users/louloulin/Documents/linchong/ai/AiNiee-Next/.worktrees/agile-wolf/.ralph/agent/memories.md" (exists: false)
2026-02-27T08:11:19.593778Z  INFO ralph_core::event_loop: Successfully loaded 0 memories from store
2026-02-27T08:11:19.593781Z  INFO ralph_core::event_loop: Memory store is empty - no memories to inject
2026-02-27T08:11:19.593965Z  INFO ralph_core::event_loop: Injecting ready tasks (2 ready, 2 open, 0 closed) into prompt
2026-02-27T08:17:23.897339Z  INFO ralph_core::event_loop: Memory injection check: enabled=true, inject=Auto, workspace_root="/Users/louloulin/Documents/linchong/ai/AiNiee-Next/.worktrees/agile-wolf"
2026-02-27T08:17:23.897411Z  INFO ralph_core::event_loop: Looking for memories at: "/Users/louloulin/Documents/linchong/ai/AiNiee-Next/.worktrees/agile-wolf/.ralph/agent/memories.md" (exists: true)
2026-02-27T08:17:23.898253Z  INFO ralph_core::event_loop: Successfully loaded 1 memories from store
2026-02-27T08:17:23.898282Z  INFO ralph_core::event_loop: Injecting 1 memories (346 chars) into prompt
2026-02-27T08:17:23.898555Z  INFO ralph_core::event_loop: Injecting ready tasks (2 ready, 2 open, 0 closed) into prompt
2026-02-27T08:37:18.999634Z  INFO ralph_core::event_loop: Memory injection check: enabled=true, inject=Auto, workspace_root="/Users/louloulin/Documents/linchong/ai/AiNiee-Next/.worktrees/agile-wolf"
2026-02-27T08:37:18.999689Z  INFO ralph_core::event_loop: Looking for memories at: "/Users/louloulin/Documents/linchong/ai/AiNiee-Next/.worktrees/agile-wolf/.ralph/agent/memories.md" (exists: true)
2026-02-27T08:37:18.999784Z  INFO ralph_core::event_loop: Successfully loaded 1 memories from store
2026-02-27T08:37:18.999791Z  INFO ralph_core::event_loop: Injecting 1 memories (346 chars) into prompt
2026-02-27T08:37:19.000272Z  INFO ralph_core::event_loop: Injecting ready tasks (2 ready, 2 open, 0 closed) into prompt
2026-02-27T09:03:58.439693Z  INFO ralph_core::event_loop: Memory injection check: enabled=true, inject=Auto, workspace_root="/Users/louloulin/Documents/linchong/ai/AiNiee-Next/.worktrees/agile-wolf"
2026-02-27T09:03:58.439739Z  INFO ralph_core::event_loop: Looking for memories at: "/Users/louloulin/Documents/linchong/ai/AiNiee-Next/.worktrees/agile-wolf/.ralph/agent/memories.md" (exists: true)
2026-02-27T09:03:58.440022Z  INFO ralph_core::event_loop: Successfully loaded 1 memories from store
2026-02-27T09:03:58.440041Z  INFO ralph_core::event_loop: Injecting 1 memories (346 chars) into prompt
2026-02-27T09:03:58.440198Z  INFO ralph_core::event_loop: Injecting scratchpad (2573 chars) into prompt
2026-02-27T09:03:58.440301Z  INFO ralph_core::event_loop: Injecting ready tasks (2 ready, 2 open, 0 closed) into prompt
2026-02-27T09:53:19.129322Z  INFO ralph_core::event_loop: Memory injection check: enabled=true, inject=Auto, workspace_root="/Users/louloulin/Documents/linchong/ai/AiNiee-Next/.worktrees/agile-wolf"
2026-02-27T09:53:19.129370Z  INFO ralph_core::event_loop: Looking for memories at: "/Users/louloulin/Documents/linchong/ai/AiNiee-Next/.worktrees/agile-wolf/.ralph/agent/memories.md" (exists: true)
2026-02-27T09:53:19.129494Z  INFO ralph_core::event_loop: Successfully loaded 2 memories from store
2026-02-27T09:53:19.129511Z  INFO ralph_core::event_loop: Injecting 2 memories (668 chars) into prompt
2026-02-27T09:53:19.129537Z  INFO ralph_core::event_loop: Injecting scratchpad (4284 chars) into prompt
2026-02-27T09:53:19.129630Z  INFO ralph_core::event_loop: Injecting ready tasks (1 ready, 1 open, 1 closed) into prompt
2026-02-27T09:56:23.665400Z  INFO ralph_core::event_loop: Completion event detected in JSONL topic=LOOP_COMPLETE
2026-02-27T09:56:23.665488Z  INFO ralph_core::event_loop: Completion event detected - terminating
2026-02-27T09:56:23.665500Z  INFO ralph::loop_runner: Completion event LOOP_COMPLETE detected.
2026-02-27T09:56:23.665507Z  INFO ralph_core::event_loop: Wrapping up: completed. 5 iterations in 59m 57s. reason=completed iterations=5 duration=59m 57s
2026-02-27T09:56:23.684462Z  INFO ralph_core::landing: Beginning landing sequence loop_id=agile-wolf
2026-02-27T09:56:23.755536Z  INFO ralph_core::landing: Auto-committed changes during landing loop_id=agile-wolf commit=Some("f28fae7adc1b93f339064c1f21a4d99046a9976e") files=19
2026-02-27T09:56:24.688909Z  INFO ralph_core::landing: Generated handoff file loop_id=agile-wolf path=/Users/louloulin/Documents/linchong/ai/AiNiee-Next/.worktrees/agile-wolf/.ralph/agent/handoff.md completed=2 open=0
2026-02-27T09:56:24.699560Z  INFO ralph_core::loop_completion: Landing completed with auto-commit commit=Some("f28fae7adc1b93f339064c1f21a4d99046a9976e") handoff=/Users/louloulin/Documents/linchong/ai/AiNiee-Next/.worktrees/agile-wolf/.ralph/agent/handoff.md
2026-02-27T09:56:24.699577Z  INFO ralph_core::loop_completion: Loop completed - worktree preserved for manual merge (--no-auto-merge) loop_id=agile-wolf worktree=/Users/louloulin/Documents/linchong/ai/AiNiee-Next/.worktrees/agile-wolf
2026-02-27T09:56:24.699581Z  INFO ralph::loop_runner: Loop completed. To merge manually: cd /Users/louloulin/Documents/linchong/ai/AiNiee-Next/.worktrees/agile-wolf && git merge loop_id=agile-wolf
