2026-02-27T13:44:26.959998Z  WARN ralph::preflight: Config file "ralph.yml" not found, using defaults
2026-02-27T13:44:27.067199Z  INFO ralph_core::event_loop: Memory injection check: enabled=true, inject=Auto, workspace_root="/Users/louloulin/Documents/linchong/ai/AiNiee-Next"
2026-02-27T13:44:27.067228Z  INFO ralph_core::event_loop: Looking for memories at: "/Users/louloulin/Documents/linchong/ai/AiNiee-Next/.ralph/agent/memories.md" (exists: true)
2026-02-27T13:44:27.068168Z  INFO ralph_core::event_loop: Successfully loaded 10 memories from store
2026-02-27T13:44:27.068195Z  INFO ralph_core::event_loop: Injecting 10 memories (3550 chars) into prompt
2026-02-27T13:44:27.068418Z  INFO ralph_core::event_loop: Injecting ready tasks (2 ready, 2 open, 28 closed) into prompt
2026-02-27T13:44:33.321082Z  INFO ralph_core::event_loop: Memory injection check: enabled=true, inject=Auto, workspace_root="/Users/louloulin/Documents/linchong/ai/AiNiee-Next"
2026-02-27T13:44:33.321124Z  INFO ralph_core::event_loop: Looking for memories at: "/Users/louloulin/Documents/linchong/ai/AiNiee-Next/.ralph/agent/memories.md" (exists: true)
2026-02-27T13:44:33.324529Z  INFO ralph_core::event_loop: Successfully loaded 10 memories from store
2026-02-27T13:44:33.324553Z  INFO ralph_core::event_loop: Injecting 10 memories (3550 chars) into prompt
2026-02-27T13:44:33.327313Z  INFO ralph_core::event_loop: Injecting ready tasks (2 ready, 2 open, 28 closed) into prompt
2026-02-27T13:51:52.534673Z  INFO ralph_core::event_loop: Memory injection check: enabled=true, inject=Auto, workspace_root="/Users/louloulin/Documents/linchong/ai/AiNiee-Next"
2026-02-27T13:51:52.534708Z  INFO ralph_core::event_loop: Looking for memories at: "/Users/louloulin/Documents/linchong/ai/AiNiee-Next/.ralph/agent/memories.md" (exists: true)
2026-02-27T13:51:52.535157Z  INFO ralph_core::event_loop: Successfully loaded 10 memories from store
2026-02-27T13:51:52.535171Z  INFO ralph_core::event_loop: Injecting 10 memories (3550 chars) into prompt
2026-02-27T13:51:52.535243Z  INFO ralph_core::event_loop: Injecting ready tasks (0 ready, 0 open, 30 closed) into prompt
2026-02-27T13:59:34.217852Z  INFO ralph_core::event_loop: Memory injection check: enabled=true, inject=Auto, workspace_root="/Users/louloulin/Documents/linchong/ai/AiNiee-Next"
2026-02-27T13:59:34.217889Z  INFO ralph_core::event_loop: Looking for memories at: "/Users/louloulin/Documents/linchong/ai/AiNiee-Next/.ralph/agent/memories.md" (exists: true)
2026-02-27T13:59:34.217970Z  INFO ralph_core::event_loop: Successfully loaded 10 memories from store
2026-02-27T13:59:34.217980Z  INFO ralph_core::event_loop: Injecting 10 memories (3550 chars) into prompt
2026-02-27T13:59:34.218692Z  INFO ralph_core::event_loop: Injecting scratchpad (2724 chars) into prompt
2026-02-27T13:59:34.218761Z  INFO ralph_core::event_loop: Injecting ready tasks (5 ready, 5 open, 30 closed) into prompt
2026-02-27T14:03:58.881307Z  INFO ralph_core::event_loop: Memory injection check: enabled=true, inject=Auto, workspace_root="/Users/louloulin/Documents/linchong/ai/AiNiee-Next"
2026-02-27T14:03:58.881333Z  INFO ralph_core::event_loop: Looking for memories at: "/Users/louloulin/Documents/linchong/ai/AiNiee-Next/.ralph/agent/memories.md" (exists: true)
2026-02-27T14:03:58.881443Z  INFO ralph_core::event_loop: Successfully loaded 10 memories from store
2026-02-27T14:03:58.881460Z  INFO ralph_core::event_loop: Injecting 10 memories (3550 chars) into prompt
2026-02-27T14:03:58.881496Z  INFO ralph_core::event_loop: Injecting scratchpad (3527 chars) into prompt
2026-02-27T14:03:58.881588Z  INFO ralph_core::event_loop: Injecting ready tasks (4 ready, 4 open, 31 closed) into prompt
2026-02-27T14:08:22.104695Z  INFO ralph_core::event_loop: Memory injection check: enabled=true, inject=Auto, workspace_root="/Users/louloulin/Documents/linchong/ai/AiNiee-Next"
2026-02-27T14:08:22.104727Z  INFO ralph_core::event_loop: Looking for memories at: "/Users/louloulin/Documents/linchong/ai/AiNiee-Next/.ralph/agent/memories.md" (exists: true)
2026-02-27T14:08:22.104814Z  INFO ralph_core::event_loop: Successfully loaded 10 memories from store
2026-02-27T14:08:22.104839Z  INFO ralph_core::event_loop: Injecting 10 memories (3550 chars) into prompt
2026-02-27T14:08:22.104868Z  INFO ralph_core::event_loop: Injecting scratchpad (5484 chars) into prompt
2026-02-27T14:08:22.105785Z  INFO ralph_core::event_loop: Injecting ready tasks (4 ready, 4 open, 31 closed) into prompt
2026-02-27T14:11:04.515191Z  INFO ralph_core::event_loop: Memory injection check: enabled=true, inject=Auto, workspace_root="/Users/louloulin/Documents/linchong/ai/AiNiee-Next"
2026-02-27T14:11:04.515218Z  INFO ralph_core::event_loop: Looking for memories at: "/Users/louloulin/Documents/linchong/ai/AiNiee-Next/.ralph/agent/memories.md" (exists: true)
2026-02-27T14:11:04.515297Z  INFO ralph_core::event_loop: Successfully loaded 10 memories from store
2026-02-27T14:11:04.515309Z  INFO ralph_core::event_loop: Injecting 10 memories (3550 chars) into prompt
2026-02-27T14:11:04.515340Z  INFO ralph_core::event_loop: Injecting scratchpad (7435 chars) into prompt
2026-02-27T14:11:04.515395Z  INFO ralph_core::event_loop: Injecting ready tasks (2 ready, 2 open, 33 closed) into prompt
2026-02-27T14:14:37.022614Z  INFO ralph_core::event_loop: Completion event detected in JSONL topic=LOOP_COMPLETE
2026-02-27T14:14:37.022704Z  INFO ralph_core::event_loop: Completion event detected - terminating
2026-02-27T14:14:37.022737Z  INFO ralph::loop_runner: Completion event LOOP_COMPLETE detected.
2026-02-27T14:14:37.022746Z  INFO ralph_core::event_loop: Wrapping up: completed. 7 iterations in 30m 10s. reason=completed iterations=7 duration=30m 10s
2026-02-27T14:14:37.032782Z  INFO ralph_core::landing: Beginning landing sequence loop_id=primary
2026-02-27T14:14:37.123210Z  INFO ralph_core::landing: Auto-committed changes during landing loop_id=primary commit=Some("e9c85259d5a83bc0babea0f63d326c4e434bc2b0") files=43
2026-02-27T14:14:37.776621Z  INFO ralph_core::landing: Generated handoff file loop_id=primary path=/Users/louloulin/Documents/linchong/ai/AiNiee-Next/.ralph/agent/handoff.md completed=35 open=0
2026-02-27T14:14:37.801265Z  INFO ralph_core::loop_completion: Landing completed with auto-commit commit=Some("e9c85259d5a83bc0babea0f63d326c4e434bc2b0") handoff=/Users/louloulin/Documents/linchong/ai/AiNiee-Next/.ralph/agent/handoff.md
2026-02-27T14:14:37.801283Z  INFO ralph::loop_runner: Primary loop landed successfully committed=true handoff=/Users/louloulin/Documents/linchong/ai/AiNiee-Next/.ralph/agent/handoff.md open_tasks=0
2026-02-27T14:15:02.146726Z  INFO ralph_tui::app: Ctrl+C detected, signaling main loop
