2026-02-27T23:57:56.710475Z  WARN ralph::preflight: Config file "ralph.yml" not found, using defaults
2026-02-27T23:57:56.820032Z  INFO ralph_core::event_loop: Memory injection check: enabled=true, inject=Auto, workspace_root="/Users/louloulin/Documents/linchong/ai/AiNiee-Next"
2026-02-27T23:57:56.820326Z  INFO ralph_core::event_loop: Looking for memories at: "/Users/louloulin/Documents/linchong/ai/AiNiee-Next/.ralph/agent/memories.md" (exists: true)
2026-02-27T23:57:56.822755Z  INFO ralph_core::event_loop: Successfully loaded 15 memories from store
2026-02-27T23:57:56.822888Z  INFO ralph_core::event_loop: Injecting 15 memories (6155 chars) into prompt
2026-02-27T23:57:56.823894Z  INFO ralph_core::event_loop: Injecting ready tasks (0 ready, 0 open, 49 closed) into prompt
2026-02-28T00:00:52.357007Z  INFO ralph_core::event_loop: Memory injection check: enabled=true, inject=Auto, workspace_root="/Users/louloulin/Documents/linchong/ai/AiNiee-Next"
2026-02-28T00:00:52.357532Z  INFO ralph_core::event_loop: Looking for memories at: "/Users/louloulin/Documents/linchong/ai/AiNiee-Next/.ralph/agent/memories.md" (exists: true)
2026-02-28T00:00:52.358132Z  INFO ralph_core::event_loop: Successfully loaded 15 memories from store
2026-02-28T00:00:52.358147Z  INFO ralph_core::event_loop: Injecting 15 memories (6155 chars) into prompt
2026-02-28T00:00:52.358558Z  INFO ralph_core::event_loop: Injecting ready tasks (0 ready, 0 open, 49 closed) into prompt
2026-02-28T00:06:00.782423Z  INFO ralph_core::event_loop: Memory injection check: enabled=true, inject=Auto, workspace_root="/Users/louloulin/Documents/linchong/ai/AiNiee-Next"
2026-02-28T00:06:00.782690Z  INFO ralph_core::event_loop: Looking for memories at: "/Users/louloulin/Documents/linchong/ai/AiNiee-Next/.ralph/agent/memories.md" (exists: true)
2026-02-28T00:06:00.783161Z  INFO ralph_core::event_loop: Successfully loaded 15 memories from store
2026-02-28T00:06:00.783177Z  INFO ralph_core::event_loop: Injecting 15 memories (6155 chars) into prompt
2026-02-28T00:06:00.783285Z  INFO ralph_core::event_loop: Injecting ready tasks (0 ready, 0 open, 53 closed) into prompt
2026-02-28T00:07:46.038244Z  INFO ralph_core::event_loop: Completion event detected in JSONL topic=LOOP_COMPLETE
2026-02-28T00:07:46.038357Z  INFO ralph_core::event_loop: Completion event detected - terminating
2026-02-28T00:07:46.038369Z  INFO ralph::loop_runner: Completion event LOOP_COMPLETE detected.
2026-02-28T00:07:46.038376Z  INFO ralph_core::event_loop: Wrapping up: completed. 3 iterations in 9m 49s. reason=completed iterations=3 duration=9m 49s
2026-02-28T00:07:46.056921Z  INFO ralph_core::landing: Beginning landing sequence loop_id=primary
2026-02-28T00:07:46.165742Z  INFO ralph_core::landing: Auto-committed changes during landing loop_id=primary commit=Some("8496d379c24ee570d091fb5bc277d39d2062d366") files=16
2026-02-28T00:07:46.814201Z  INFO ralph_core::landing: Generated handoff file loop_id=primary path=/Users/louloulin/Documents/linchong/ai/AiNiee-Next/.ralph/agent/handoff.md completed=53 open=0
2026-02-28T00:07:46.840797Z  INFO ralph_core::loop_completion: Landing completed with auto-commit commit=Some("8496d379c24ee570d091fb5bc277d39d2062d366") handoff=/Users/louloulin/Documents/linchong/ai/AiNiee-Next/.ralph/agent/handoff.md
2026-02-28T00:07:46.840819Z  INFO ralph::loop_runner: Primary loop landed successfully committed=true handoff=/Users/louloulin/Documents/linchong/ai/AiNiee-Next/.ralph/agent/handoff.md open_tasks=0
2026-02-28T00:07:50.777920Z  INFO ralph_tui::app: Ctrl+C detected, signaling main loop
