2026-02-27T15:13:07.318832Z  WARN ralph::preflight: Config file "ralph.yml" not found, using defaults
2026-02-27T15:13:07.433457Z  INFO ralph_core::event_loop: Memory injection check: enabled=true, inject=Auto, workspace_root="/Users/louloulin/Documents/linchong/ai/AiNiee-Next"
2026-02-27T15:13:07.433495Z  INFO ralph_core::event_loop: Looking for memories at: "/Users/louloulin/Documents/linchong/ai/AiNiee-Next/.ralph/agent/memories.md" (exists: true)
2026-02-27T15:13:07.434591Z  INFO ralph_core::event_loop: Successfully loaded 13 memories from store
2026-02-27T15:13:07.434616Z  INFO ralph_core::event_loop: Injecting 13 memories (5375 chars) into prompt
2026-02-27T15:13:07.434784Z  INFO ralph_core::event_loop: Injecting ready tasks (0 ready, 0 open, 41 closed) into prompt
2026-02-27T15:19:36.891504Z  INFO ralph_core::event_loop: Memory injection check: enabled=true, inject=Auto, workspace_root="/Users/louloulin/Documents/linchong/ai/AiNiee-Next"
2026-02-27T15:19:36.891542Z  INFO ralph_core::event_loop: Looking for memories at: "/Users/louloulin/Documents/linchong/ai/AiNiee-Next/.ralph/agent/memories.md" (exists: true)
2026-02-27T15:19:36.892011Z  INFO ralph_core::event_loop: Successfully loaded 13 memories from store
2026-02-27T15:19:36.892025Z  INFO ralph_core::event_loop: Injecting 13 memories (5375 chars) into prompt
2026-02-27T15:19:36.892243Z  INFO ralph_core::event_loop: Injecting ready tasks (0 ready, 0 open, 41 closed) into prompt
2026-02-27T15:22:40.167771Z  INFO ralph_core::event_loop: Memory injection check: enabled=true, inject=Auto, workspace_root="/Users/louloulin/Documents/linchong/ai/AiNiee-Next"
2026-02-27T15:22:40.167796Z  INFO ralph_core::event_loop: Looking for memories at: "/Users/louloulin/Documents/linchong/ai/AiNiee-Next/.ralph/agent/memories.md" (exists: true)
2026-02-27T15:22:40.167879Z  INFO ralph_core::event_loop: Successfully loaded 14 memories from store
2026-02-27T15:22:40.167891Z  INFO ralph_core::event_loop: Injecting 14 memories (5716 chars) into prompt
2026-02-27T15:22:40.167913Z  INFO ralph_core::event_loop: Injecting scratchpad (1667 chars) into prompt
2026-02-27T15:22:40.167972Z  INFO ralph_core::event_loop: Injecting ready tasks (4 ready, 4 open, 42 closed) into prompt
2026-02-27T15:25:53.029225Z  INFO ralph_core::event_loop: Memory injection check: enabled=true, inject=Auto, workspace_root="/Users/louloulin/Documents/linchong/ai/AiNiee-Next"
2026-02-27T15:25:53.029258Z  INFO ralph_core::event_loop: Looking for memories at: "/Users/louloulin/Documents/linchong/ai/AiNiee-Next/.ralph/agent/memories.md" (exists: true)
2026-02-27T15:25:53.029498Z  INFO ralph_core::event_loop: Successfully loaded 14 memories from store
2026-02-27T15:25:53.029513Z  INFO ralph_core::event_loop: Injecting 14 memories (5716 chars) into prompt
2026-02-27T15:25:53.029540Z  INFO ralph_core::event_loop: Injecting scratchpad (3440 chars) into prompt
2026-02-27T15:25:53.029608Z  INFO ralph_core::event_loop: Injecting ready tasks (3 ready, 3 open, 43 closed) into prompt
2026-02-27T15:30:30.933267Z  INFO ralph_core::event_loop: Memory injection check: enabled=true, inject=Auto, workspace_root="/Users/louloulin/Documents/linchong/ai/AiNiee-Next"
2026-02-27T15:30:30.933297Z  INFO ralph_core::event_loop: Looking for memories at: "/Users/louloulin/Documents/linchong/ai/AiNiee-Next/.ralph/agent/memories.md" (exists: true)
2026-02-27T15:30:30.933666Z  INFO ralph_core::event_loop: Successfully loaded 15 memories from store
2026-02-27T15:30:30.933691Z  INFO ralph_core::event_loop: Injecting 15 memories (6155 chars) into prompt
2026-02-27T15:30:30.933859Z  INFO ralph_core::event_loop: Injecting scratchpad (6183 chars) into prompt
2026-02-27T15:30:30.934068Z  INFO ralph_core::event_loop: Injecting ready tasks (2 ready, 2 open, 44 closed) into prompt
2026-02-27T15:32:18.336567Z  INFO ralph_core::event_loop: Completion event detected in JSONL topic=LOOP_COMPLETE
2026-02-27T15:32:18.336681Z  INFO ralph_core::event_loop: Completion event detected - terminating
2026-02-27T15:32:18.336699Z  INFO ralph::loop_runner: Completion event LOOP_COMPLETE detected.
2026-02-27T15:32:18.336718Z  INFO ralph_core::event_loop: Wrapping up: completed. 5 iterations in 19m 10s. reason=completed iterations=5 duration=19m 10s
2026-02-27T15:32:18.349062Z  INFO ralph_core::landing: Beginning landing sequence loop_id=primary
2026-02-27T15:32:18.458295Z  INFO ralph_core::landing: Auto-committed changes during landing loop_id=primary commit=Some("7770d12c1ccdde19967aa92d7ac0866948581790") files=26
2026-02-27T15:32:19.222287Z  INFO ralph_core::landing: Generated handoff file loop_id=primary path=/Users/louloulin/Documents/linchong/ai/AiNiee-Next/.ralph/agent/handoff.md completed=46 open=0
2026-02-27T15:32:19.248209Z  INFO ralph_core::loop_completion: Landing completed with auto-commit commit=Some("7770d12c1ccdde19967aa92d7ac0866948581790") handoff=/Users/louloulin/Documents/linchong/ai/AiNiee-Next/.ralph/agent/handoff.md
2026-02-27T15:32:19.248229Z  INFO ralph::loop_runner: Primary loop landed successfully committed=true handoff=/Users/louloulin/Documents/linchong/ai/AiNiee-Next/.ralph/agent/handoff.md open_tasks=0
2026-02-27T15:53:43.726155Z  INFO ralph_tui::app: Ctrl+C detected, signaling main loop
