2026-02-26T15:06:50.824222Z  WARN ralph: Config file "ralph.yml" not found, using defaults
2026-02-26T15:06:50.824363Z  INFO ralph: Creating scratchpad directory: /Users/louloulin/Documents/linchong/ai/AiNiee-Next/.ralph/agent
2026-02-26T15:06:50.934501Z  INFO ralph_core::event_loop: Memory injection check: enabled=true, inject=Auto, workspace_root="/Users/louloulin/Documents/linchong/ai/AiNiee-Next"
2026-02-26T15:06:50.934520Z  INFO ralph_core::event_loop: Looking for memories at: "/Users/louloulin/Documents/linchong/ai/AiNiee-Next/.ralph/agent/memories.md" (exists: false)
2026-02-26T15:06:50.934525Z  INFO ralph_core::event_loop: Successfully loaded 0 memories from store
2026-02-26T15:06:50.934528Z  INFO ralph_core::event_loop: Memory store is empty - no memories to inject
2026-02-26T15:16:16.822080Z  INFO ralph_core::event_loop: Memory injection check: enabled=true, inject=Auto, workspace_root="/Users/louloulin/Documents/linchong/ai/AiNiee-Next"
2026-02-26T15:16:16.822212Z  INFO ralph_core::event_loop: Looking for memories at: "/Users/louloulin/Documents/linchong/ai/AiNiee-Next/.ralph/agent/memories.md" (exists: false)
2026-02-26T15:16:16.822221Z  INFO ralph_core::event_loop: Successfully loaded 0 memories from store
2026-02-26T15:16:16.822224Z  INFO ralph_core::event_loop: Memory store is empty - no memories to inject
2026-02-26T15:26:06.663120Z  INFO ralph_core::event_loop: Completion event detected in JSONL topic=LOOP_COMPLETE
2026-02-26T15:26:06.663465Z  INFO ralph_core::event_loop: Completion event detected - terminating
2026-02-26T15:26:06.663504Z  INFO ralph::loop_runner: Completion event LOOP_COMPLETE detected.
2026-02-26T15:26:06.663521Z  INFO ralph_core::event_loop: Wrapping up: completed. 2 iterations in 19m 15s. reason=completed iterations=2 duration=19m 15s
2026-02-26T15:26:06.679251Z  INFO ralph_core::landing: Beginning landing sequence loop_id=primary
2026-02-26T15:26:06.786959Z  INFO ralph_core::landing: Auto-committed changes during landing loop_id=primary commit=Some("14013cd3041a77aaf286790cc5dc951063775319") files=4
2026-02-26T15:26:07.948635Z  INFO ralph_core::landing: Generated handoff file loop_id=primary path=/Users/louloulin/Documents/linchong/ai/AiNiee-Next/.ralph/agent/handoff.md completed=3 open=0
2026-02-26T15:26:07.977931Z  INFO ralph_core::loop_completion: Landing completed with auto-commit commit=Some("14013cd3041a77aaf286790cc5dc951063775319") handoff=/Users/louloulin/Documents/linchong/ai/AiNiee-Next/.ralph/agent/handoff.md
2026-02-26T15:26:07.977952Z  INFO ralph::loop_runner: Primary loop landed successfully committed=true handoff=/Users/louloulin/Documents/linchong/ai/AiNiee-Next/.ralph/agent/handoff.md open_tasks=0
2026-02-26T15:26:43.094103Z  INFO ralph_tui::app: Ctrl+C detected, signaling main loop
