2026-02-28T04:06:25.954689Z  WARN ralph::preflight: Config file "ralph.yml" not found, using defaults
2026-02-28T04:06:26.067967Z  INFO ralph_core::event_loop: Memory injection check: enabled=true, inject=Auto, workspace_root="/Users/louloulin/Documents/linchong/ai/AiNiee-Next"
2026-02-28T04:06:26.067994Z  INFO ralph_core::event_loop: Looking for memories at: "/Users/louloulin/Documents/linchong/ai/AiNiee-Next/.ralph/agent/memories.md" (exists: true)
2026-02-28T04:06:26.068922Z  INFO ralph_core::event_loop: Successfully loaded 16 memories from store
2026-02-28T04:06:26.068949Z  INFO ralph_core::event_loop: Injecting 16 memories (6422 chars) into prompt
2026-02-28T04:06:26.069369Z  INFO ralph_core::event_loop: Injecting ready tasks (0 ready, 0 open, 59 closed) into prompt
2026-02-28T04:09:00.565789Z  INFO ralph_core::event_loop: Memory injection check: enabled=true, inject=Auto, workspace_root="/Users/louloulin/Documents/linchong/ai/AiNiee-Next"
2026-02-28T04:09:00.565819Z  INFO ralph_core::event_loop: Looking for memories at: "/Users/louloulin/Documents/linchong/ai/AiNiee-Next/.ralph/agent/memories.md" (exists: true)
2026-02-28T04:09:00.565938Z  INFO ralph_core::event_loop: Successfully loaded 16 memories from store
2026-02-28T04:09:00.565955Z  INFO ralph_core::event_loop: Injecting 16 memories (6422 chars) into prompt
2026-02-28T04:09:00.566044Z  INFO ralph_core::event_loop: Injecting ready tasks (0 ready, 0 open, 59 closed) into prompt
2026-02-28T04:10:32.888486Z  INFO ralph_core::event_loop: Completion event detected in JSONL topic=LOOP_COMPLETE
2026-02-28T04:10:32.888844Z  INFO ralph_core::event_loop: Completion event detected - terminating
2026-02-28T04:10:32.888858Z  INFO ralph::loop_runner: Completion event LOOP_COMPLETE detected.
2026-02-28T04:10:32.888866Z  INFO ralph_core::event_loop: Wrapping up: completed. 2 iterations in 4m 6s. reason=completed iterations=2 duration=4m 6s
2026-02-28T04:10:32.900756Z  INFO ralph_core::landing: Beginning landing sequence loop_id=primary
2026-02-28T04:10:32.999029Z  INFO ralph_core::landing: Auto-committed changes during landing loop_id=primary commit=Some("12816268242b9830bd077a650ea7c4fa52b98cac") files=13
2026-02-28T04:10:33.678826Z  INFO ralph_core::landing: Generated handoff file loop_id=primary path=/Users/louloulin/Documents/linchong/ai/AiNiee-Next/.ralph/agent/handoff.md completed=59 open=0
2026-02-28T04:10:33.705712Z  INFO ralph_core::loop_completion: Landing completed with auto-commit commit=Some("12816268242b9830bd077a650ea7c4fa52b98cac") handoff=/Users/louloulin/Documents/linchong/ai/AiNiee-Next/.ralph/agent/handoff.md
2026-02-28T04:10:33.705731Z  INFO ralph::loop_runner: Primary loop landed successfully committed=true handoff=/Users/louloulin/Documents/linchong/ai/AiNiee-Next/.ralph/agent/handoff.md open_tasks=0
2026-02-28T04:14:24.348335Z  INFO ralph_tui::app: Ctrl+C detected, signaling main loop
