2026-02-28T02:03:22.911841Z  WARN ralph::preflight: Config file "ralph.yml" not found, using defaults
2026-02-28T02:03:23.024623Z  INFO ralph_core::event_loop: Memory injection check: enabled=true, inject=Auto, workspace_root="/Users/louloulin/Documents/linchong/ai/AiNiee-Next"
2026-02-28T02:03:23.024751Z  INFO ralph_core::event_loop: Looking for memories at: "/Users/louloulin/Documents/linchong/ai/AiNiee-Next/.ralph/agent/memories.md" (exists: true)
2026-02-28T02:03:23.025595Z  INFO ralph_core::event_loop: Successfully loaded 16 memories from store
2026-02-28T02:03:23.025611Z  INFO ralph_core::event_loop: Injecting 16 memories (6422 chars) into prompt
2026-02-28T02:03:23.026009Z  INFO ralph_core::event_loop: Injecting ready tasks (0 ready, 0 open, 57 closed) into prompt
2026-02-28T02:13:13.884903Z  INFO ralph_core::event_loop: Memory injection check: enabled=true, inject=Auto, workspace_root="/Users/louloulin/Documents/linchong/ai/AiNiee-Next"
2026-02-28T02:13:13.884933Z  INFO ralph_core::event_loop: Looking for memories at: "/Users/louloulin/Documents/linchong/ai/AiNiee-Next/.ralph/agent/memories.md" (exists: true)
2026-02-28T02:13:13.885918Z  INFO ralph_core::event_loop: Successfully loaded 16 memories from store
2026-02-28T02:13:13.885943Z  INFO ralph_core::event_loop: Injecting 16 memories (6422 chars) into prompt
2026-02-28T02:13:13.886423Z  INFO ralph_core::event_loop: Injecting ready tasks (0 ready, 0 open, 57 closed) into prompt
2026-02-28T02:16:18.504535Z  INFO ralph_core::event_loop: Memory injection check: enabled=true, inject=Auto, workspace_root="/Users/louloulin/Documents/linchong/ai/AiNiee-Next"
2026-02-28T02:16:18.504571Z  INFO ralph_core::event_loop: Looking for memories at: "/Users/louloulin/Documents/linchong/ai/AiNiee-Next/.ralph/agent/memories.md" (exists: true)
2026-02-28T02:16:18.505472Z  INFO ralph_core::event_loop: Successfully loaded 16 memories from store
2026-02-28T02:16:18.505487Z  INFO ralph_core::event_loop: Injecting 16 memories (6422 chars) into prompt
2026-02-28T02:16:18.505957Z  INFO ralph_core::event_loop: Injecting ready tasks (0 ready, 0 open, 57 closed) into prompt
2026-02-28T02:19:30.514057Z  INFO ralph_core::event_loop: Memory injection check: enabled=true, inject=Auto, workspace_root="/Users/louloulin/Documents/linchong/ai/AiNiee-Next"
2026-02-28T02:19:30.514093Z  INFO ralph_core::event_loop: Looking for memories at: "/Users/louloulin/Documents/linchong/ai/AiNiee-Next/.ralph/agent/memories.md" (exists: true)
2026-02-28T02:19:30.515021Z  INFO ralph_core::event_loop: Successfully loaded 16 memories from store
2026-02-28T02:19:30.515045Z  INFO ralph_core::event_loop: Injecting 16 memories (6422 chars) into prompt
2026-02-28T02:19:30.515334Z  INFO ralph_core::event_loop: Injecting ready tasks (0 ready, 0 open, 57 closed) into prompt
2026-02-28T02:24:27.198115Z  INFO ralph_core::event_loop: Memory injection check: enabled=true, inject=Auto, workspace_root="/Users/louloulin/Documents/linchong/ai/AiNiee-Next"
2026-02-28T02:24:27.198143Z  INFO ralph_core::event_loop: Looking for memories at: "/Users/louloulin/Documents/linchong/ai/AiNiee-Next/.ralph/agent/memories.md" (exists: true)
2026-02-28T02:24:27.198489Z  INFO ralph_core::event_loop: Successfully loaded 16 memories from store
2026-02-28T02:24:27.198511Z  INFO ralph_core::event_loop: Injecting 16 memories (6422 chars) into prompt
2026-02-28T02:24:27.198964Z  INFO ralph_core::event_loop: Injecting ready tasks (0 ready, 0 open, 57 closed) into prompt
2026-02-28T02:30:58.730727Z  INFO ralph_core::event_loop: Memory injection check: enabled=true, inject=Auto, workspace_root="/Users/louloulin/Documents/linchong/ai/AiNiee-Next"
2026-02-28T02:30:58.730978Z  INFO ralph_core::event_loop: Looking for memories at: "/Users/louloulin/Documents/linchong/ai/AiNiee-Next/.ralph/agent/memories.md" (exists: true)
2026-02-28T02:30:58.731298Z  INFO ralph_core::event_loop: Successfully loaded 16 memories from store
2026-02-28T02:30:58.731320Z  INFO ralph_core::event_loop: Injecting 16 memories (6422 chars) into prompt
2026-02-28T02:30:58.731766Z  INFO ralph_core::event_loop: Injecting ready tasks (0 ready, 0 open, 57 closed) into prompt
2026-02-28T02:40:12.524978Z  INFO ralph_core::event_loop: Memory injection check: enabled=true, inject=Auto, workspace_root="/Users/louloulin/Documents/linchong/ai/AiNiee-Next"
2026-02-28T02:40:12.525022Z  INFO ralph_core::event_loop: Looking for memories at: "/Users/louloulin/Documents/linchong/ai/AiNiee-Next/.ralph/agent/memories.md" (exists: true)
2026-02-28T02:40:12.525470Z  INFO ralph_core::event_loop: Successfully loaded 16 memories from store
2026-02-28T02:40:12.525487Z  INFO ralph_core::event_loop: Injecting 16 memories (6422 chars) into prompt
2026-02-28T02:40:12.525536Z  INFO ralph_core::event_loop: Injecting scratchpad (889 chars) into prompt
2026-02-28T02:40:12.525959Z  INFO ralph_core::event_loop: Injecting ready tasks (0 ready, 0 open, 57 closed) into prompt
2026-02-28T02:42:36.873630Z  INFO ralph_core::event_loop: Memory injection check: enabled=true, inject=Auto, workspace_root="/Users/louloulin/Documents/linchong/ai/AiNiee-Next"
2026-02-28T02:42:36.873659Z  INFO ralph_core::event_loop: Looking for memories at: "/Users/louloulin/Documents/linchong/ai/AiNiee-Next/.ralph/agent/memories.md" (exists: true)
2026-02-28T02:42:36.874484Z  INFO ralph_core::event_loop: Successfully loaded 16 memories from store
2026-02-28T02:42:36.874505Z  INFO ralph_core::event_loop: Injecting 16 memories (6422 chars) into prompt
2026-02-28T02:42:36.874531Z  INFO ralph_core::event_loop: Injecting scratchpad (943 chars) into prompt
2026-02-28T02:42:36.874859Z  INFO ralph_core::event_loop: Injecting ready tasks (0 ready, 0 open, 57 closed) into prompt
2026-02-28T02:51:21.134329Z  INFO ralph_core::event_loop: Completion event detected in JSONL topic=LOOP_COMPLETE
2026-02-28T02:51:21.137219Z  INFO ralph_core::event_loop: Completion event detected - terminating
2026-02-28T02:51:21.137235Z  INFO ralph::loop_runner: Completion event LOOP_COMPLETE detected.
2026-02-28T02:51:21.137240Z  INFO ralph_core::event_loop: Wrapping up: completed. 8 iterations in 47m 58s. reason=completed iterations=8 duration=47m 58s
2026-02-28T02:51:21.149121Z  INFO ralph_core::landing: Beginning landing sequence loop_id=primary
2026-02-28T02:51:21.246847Z  INFO ralph_core::landing: Auto-committed changes during landing loop_id=primary commit=Some("dffece53c9b7e5cd91773efa0f27159d3f4a02ba") files=12
2026-02-28T02:51:21.973896Z  INFO ralph_core::landing: Generated handoff file loop_id=primary path=/Users/louloulin/Documents/linchong/ai/AiNiee-Next/.ralph/agent/handoff.md completed=57 open=0
2026-02-28T02:51:21.997508Z  INFO ralph_core::loop_completion: Landing completed with auto-commit commit=Some("dffece53c9b7e5cd91773efa0f27159d3f4a02ba") handoff=/Users/louloulin/Documents/linchong/ai/AiNiee-Next/.ralph/agent/handoff.md
2026-02-28T02:51:21.997526Z  INFO ralph::loop_runner: Primary loop landed successfully committed=true handoff=/Users/louloulin/Documents/linchong/ai/AiNiee-Next/.ralph/agent/handoff.md open_tasks=0
2026-02-28T02:59:34.723199Z  INFO ralph_tui::app: Ctrl+C detected, signaling main loop
