2026-02-28T01:08:09.634963Z  WARN ralph::preflight: Config file "ralph.yml" not found, using defaults
2026-02-28T01:08:09.746806Z  INFO ralph_core::event_loop: Memory injection check: enabled=true, inject=Auto, workspace_root="/Users/louloulin/Documents/linchong/ai/AiNiee-Next"
2026-02-28T01:08:09.746852Z  INFO ralph_core::event_loop: Looking for memories at: "/Users/louloulin/Documents/linchong/ai/AiNiee-Next/.ralph/agent/memories.md" (exists: true)
2026-02-28T01:08:09.747933Z  INFO ralph_core::event_loop: Successfully loaded 16 memories from store
2026-02-28T01:08:09.747958Z  INFO ralph_core::event_loop: Injecting 16 memories (6422 chars) into prompt
2026-02-28T01:08:09.748119Z  INFO ralph_core::event_loop: Injecting ready tasks (0 ready, 0 open, 57 closed) into prompt
2026-02-28T01:20:10.783490Z  INFO ralph_core::event_loop: Memory injection check: enabled=true, inject=Auto, workspace_root="/Users/louloulin/Documents/linchong/ai/AiNiee-Next"
2026-02-28T01:20:10.783526Z  INFO ralph_core::event_loop: Looking for memories at: "/Users/louloulin/Documents/linchong/ai/AiNiee-Next/.ralph/agent/memories.md" (exists: true)
2026-02-28T01:20:10.783957Z  INFO ralph_core::event_loop: Successfully loaded 16 memories from store
2026-02-28T01:20:10.783974Z  INFO ralph_core::event_loop: Injecting 16 memories (6422 chars) into prompt
2026-02-28T01:20:10.784399Z  INFO ralph_core::event_loop: Injecting ready tasks (0 ready, 0 open, 57 closed) into prompt
2026-02-28T01:22:47.611208Z  INFO ralph_core::event_loop: Memory injection check: enabled=true, inject=Auto, workspace_root="/Users/louloulin/Documents/linchong/ai/AiNiee-Next"
2026-02-28T01:22:47.611237Z  INFO ralph_core::event_loop: Looking for memories at: "/Users/louloulin/Documents/linchong/ai/AiNiee-Next/.ralph/agent/memories.md" (exists: true)
2026-02-28T01:22:47.611334Z  INFO ralph_core::event_loop: Successfully loaded 16 memories from store
2026-02-28T01:22:47.611352Z  INFO ralph_core::event_loop: Injecting 16 memories (6422 chars) into prompt
2026-02-28T01:22:47.611437Z  INFO ralph_core::event_loop: Injecting ready tasks (0 ready, 0 open, 57 closed) into prompt
2026-02-28T01:23:13.660192Z  INFO ralph_core::event_loop: Memory injection check: enabled=true, inject=Auto, workspace_root="/Users/louloulin/Documents/linchong/ai/AiNiee-Next"
2026-02-28T01:23:13.660221Z  INFO ralph_core::event_loop: Looking for memories at: "/Users/louloulin/Documents/linchong/ai/AiNiee-Next/.ralph/agent/memories.md" (exists: true)
2026-02-28T01:23:13.660340Z  INFO ralph_core::event_loop: Successfully loaded 16 memories from store
2026-02-28T01:23:13.660355Z  INFO ralph_core::event_loop: Injecting 16 memories (6422 chars) into prompt
2026-02-28T01:23:13.660431Z  INFO ralph_core::event_loop: Injecting ready tasks (0 ready, 0 open, 57 closed) into prompt
2026-02-28T01:26:25.064083Z  INFO ralph_core::event_loop: Completion event detected in JSONL topic=LOOP_COMPLETE
2026-02-28T01:26:25.065266Z  INFO ralph_core::event_loop: Completion event detected - terminating
2026-02-28T01:26:25.065283Z  INFO ralph::loop_runner: Completion event LOOP_COMPLETE detected.
2026-02-28T01:26:25.065291Z  INFO ralph_core::event_loop: Wrapping up: completed. 4 iterations in 18m 15s. reason=completed iterations=4 duration=18m 15s
2026-02-28T01:26:25.076838Z  INFO ralph_core::landing: Beginning landing sequence loop_id=primary
