2026-02-27T08:04:23.054979Z  WARN ralph::preflight: Config file "ralph.yml" not found, using defaults
2026-02-27T08:04:23.055188Z  INFO ralph: Creating scratchpad directory: /Users/louloulin/Documents/linchong/ai/AiNiee-Next/.ralph/agent
2026-02-27T08:04:23.164595Z  INFO ralph_core::event_loop: Memory injection check: enabled=true, inject=Auto, workspace_root="/Users/louloulin/Documents/linchong/ai/AiNiee-Next"
2026-02-27T08:04:23.164620Z  INFO ralph_core::event_loop: Looking for memories at: "/Users/louloulin/Documents/linchong/ai/AiNiee-Next/.ralph/agent/memories.md" (exists: false)
2026-02-27T08:04:23.164629Z  INFO ralph_core::event_loop: Successfully loaded 0 memories from store
2026-02-27T08:04:23.164634Z  INFO ralph_core::event_loop: Memory store is empty - no memories to inject
2026-02-27T08:07:01.995539Z  INFO ralph_core::event_loop: Memory injection check: enabled=true, inject=Auto, workspace_root="/Users/louloulin/Documents/linchong/ai/AiNiee-Next"
2026-02-27T08:07:01.995574Z  INFO ralph_core::event_loop: Looking for memories at: "/Users/louloulin/Documents/linchong/ai/AiNiee-Next/.ralph/agent/memories.md" (exists: false)
2026-02-27T08:07:01.995581Z  INFO ralph_core::event_loop: Successfully loaded 0 memories from store
2026-02-27T08:07:01.995587Z  INFO ralph_core::event_loop: Memory store is empty - no memories to inject
2026-02-27T08:13:59.826737Z  INFO ralph_core::event_loop: Memory injection check: enabled=true, inject=Auto, workspace_root="/Users/louloulin/Documents/linchong/ai/AiNiee-Next"
2026-02-27T08:13:59.826764Z  INFO ralph_core::event_loop: Looking for memories at: "/Users/louloulin/Documents/linchong/ai/AiNiee-Next/.ralph/agent/memories.md" (exists: true)
2026-02-27T08:13:59.828198Z  INFO ralph_core::event_loop: Successfully loaded 1 memories from store
2026-02-27T08:13:59.828210Z  INFO ralph_core::event_loop: Injecting 1 memories (346 chars) into prompt
2026-02-27T08:13:59.828252Z  INFO ralph_core::event_loop: Injecting scratchpad (1182 chars) into prompt
2026-02-27T08:13:59.828325Z  INFO ralph_core::event_loop: Injecting ready tasks (0 ready, 0 open, 2 closed) into prompt
2026-02-27T08:14:57.860385Z  INFO ralph_core::event_loop: Completion event detected in JSONL topic=LOOP_COMPLETE
2026-02-27T08:14:57.860475Z  INFO ralph_core::event_loop: Completion event detected - terminating
2026-02-27T08:14:57.860498Z  INFO ralph::loop_runner: Completion event LOOP_COMPLETE detected.
2026-02-27T08:14:57.860508Z  INFO ralph_core::event_loop: Wrapping up: completed. 3 iterations in 10m 34s. reason=completed iterations=3 duration=10m 34s
2026-02-27T08:14:57.870090Z  INFO ralph_core::landing: Beginning landing sequence loop_id=primary
