2026-02-27T23:20:48.657066Z  WARN ralph::preflight: Config file "ralph.yml" not found, using defaults
2026-02-27T23:20:48.765689Z  INFO ralph_core::event_loop: Memory injection check: enabled=true, inject=Auto, workspace_root="/Users/louloulin/Documents/linchong/ai/AiNiee-Next"
2026-02-27T23:20:48.765759Z  INFO ralph_core::event_loop: Looking for memories at: "/Users/louloulin/Documents/linchong/ai/AiNiee-Next/.ralph/agent/memories.md" (exists: true)
2026-02-27T23:20:48.767862Z  INFO ralph_core::event_loop: Successfully loaded 15 memories from store
2026-02-27T23:20:48.767938Z  INFO ralph_core::event_loop: Injecting 15 memories (6155 chars) into prompt
2026-02-27T23:20:48.768202Z  INFO ralph_core::event_loop: Injecting ready tasks (0 ready, 0 open, 49 closed) into prompt
2026-02-27T23:23:33.841351Z  INFO ralph_core::event_loop: Memory injection check: enabled=true, inject=Auto, workspace_root="/Users/louloulin/Documents/linchong/ai/AiNiee-Next"
2026-02-27T23:23:33.841389Z  INFO ralph_core::event_loop: Looking for memories at: "/Users/louloulin/Documents/linchong/ai/AiNiee-Next/.ralph/agent/memories.md" (exists: true)
2026-02-27T23:23:33.841508Z  INFO ralph_core::event_loop: Successfully loaded 15 memories from store
2026-02-27T23:23:33.841521Z  INFO ralph_core::event_loop: Injecting 15 memories (6155 chars) into prompt
2026-02-27T23:23:33.841623Z  INFO ralph_core::event_loop: Injecting ready tasks (0 ready, 0 open, 49 closed) into prompt
2026-02-27T23:24:28.282902Z  INFO ralph_core::event_loop: Memory injection check: enabled=true, inject=Auto, workspace_root="/Users/louloulin/Documents/linchong/ai/AiNiee-Next"
2026-02-27T23:24:28.282928Z  INFO ralph_core::event_loop: Looking for memories at: "/Users/louloulin/Documents/linchong/ai/AiNiee-Next/.ralph/agent/memories.md" (exists: true)
2026-02-27T23:24:28.283031Z  INFO ralph_core::event_loop: Successfully loaded 15 memories from store
2026-02-27T23:24:28.283097Z  INFO ralph_core::event_loop: Injecting 15 memories (6155 chars) into prompt
2026-02-27T23:24:28.283178Z  INFO ralph_core::event_loop: Injecting ready tasks (0 ready, 0 open, 49 closed) into prompt
2026-02-27T23:25:34.434915Z  INFO ralph_core::event_loop: Memory injection check: enabled=true, inject=Auto, workspace_root="/Users/louloulin/Documents/linchong/ai/AiNiee-Next"
2026-02-27T23:25:34.434949Z  INFO ralph_core::event_loop: Looking for memories at: "/Users/louloulin/Documents/linchong/ai/AiNiee-Next/.ralph/agent/memories.md" (exists: true)
2026-02-27T23:25:34.435046Z  INFO ralph_core::event_loop: Successfully loaded 15 memories from store
2026-02-27T23:25:34.435073Z  INFO ralph_core::event_loop: Injecting 15 memories (6155 chars) into prompt
2026-02-27T23:25:34.435155Z  INFO ralph_core::event_loop: Injecting ready tasks (0 ready, 0 open, 49 closed) into prompt
2026-02-27T23:26:10.449756Z  INFO ralph_core::event_loop: Memory injection check: enabled=true, inject=Auto, workspace_root="/Users/louloulin/Documents/linchong/ai/AiNiee-Next"
2026-02-27T23:26:10.449787Z  INFO ralph_core::event_loop: Looking for memories at: "/Users/louloulin/Documents/linchong/ai/AiNiee-Next/.ralph/agent/memories.md" (exists: true)
2026-02-27T23:26:10.449899Z  INFO ralph_core::event_loop: Successfully loaded 15 memories from store
2026-02-27T23:26:10.449920Z  INFO ralph_core::event_loop: Injecting 15 memories (6155 chars) into prompt
2026-02-27T23:26:10.450010Z  INFO ralph_core::event_loop: Injecting ready tasks (0 ready, 0 open, 49 closed) into prompt
2026-02-27T23:28:43.533084Z  INFO ralph_core::event_loop: Memory injection check: enabled=true, inject=Auto, workspace_root="/Users/louloulin/Documents/linchong/ai/AiNiee-Next"
2026-02-27T23:28:43.533110Z  INFO ralph_core::event_loop: Looking for memories at: "/Users/louloulin/Documents/linchong/ai/AiNiee-Next/.ralph/agent/memories.md" (exists: true)
2026-02-27T23:28:43.534358Z  INFO ralph_core::event_loop: Successfully loaded 15 memories from store
2026-02-27T23:28:43.534374Z  INFO ralph_core::event_loop: Injecting 15 memories (6155 chars) into prompt
2026-02-27T23:28:43.534652Z  INFO ralph_core::event_loop: Injecting ready tasks (0 ready, 0 open, 49 closed) into prompt
2026-02-27T23:33:33.486925Z  INFO ralph_core::event_loop: Memory injection check: enabled=true, inject=Auto, workspace_root="/Users/louloulin/Documents/linchong/ai/AiNiee-Next"
2026-02-27T23:33:33.486951Z  INFO ralph_core::event_loop: Looking for memories at: "/Users/louloulin/Documents/linchong/ai/AiNiee-Next/.ralph/agent/memories.md" (exists: true)
2026-02-27T23:33:33.487051Z  INFO ralph_core::event_loop: Successfully loaded 15 memories from store
2026-02-27T23:33:33.487066Z  INFO ralph_core::event_loop: Injecting 15 memories (6155 chars) into prompt
2026-02-27T23:33:33.487105Z  INFO ralph_core::event_loop: Injecting scratchpad (1186 chars) into prompt
2026-02-27T23:33:33.487184Z  INFO ralph_core::event_loop: Injecting ready tasks (0 ready, 0 open, 49 closed) into prompt
2026-02-27T23:34:25.397510Z  INFO ralph_core::event_loop: Memory injection check: enabled=true, inject=Auto, workspace_root="/Users/louloulin/Documents/linchong/ai/AiNiee-Next"
2026-02-27T23:34:25.397539Z  INFO ralph_core::event_loop: Looking for memories at: "/Users/louloulin/Documents/linchong/ai/AiNiee-Next/.ralph/agent/memories.md" (exists: true)
2026-02-27T23:34:25.397641Z  INFO ralph_core::event_loop: Successfully loaded 15 memories from store
2026-02-27T23:34:25.397724Z  INFO ralph_core::event_loop: Injecting 15 memories (6155 chars) into prompt
2026-02-27T23:34:25.397813Z  INFO ralph_core::event_loop: Injecting scratchpad (1186 chars) into prompt
2026-02-27T23:34:25.397947Z  INFO ralph_core::event_loop: Injecting ready tasks (0 ready, 0 open, 49 closed) into prompt
2026-02-27T23:35:32.660298Z  INFO ralph_core::event_loop: Memory injection check: enabled=true, inject=Auto, workspace_root="/Users/louloulin/Documents/linchong/ai/AiNiee-Next"
2026-02-27T23:35:32.660329Z  INFO ralph_core::event_loop: Looking for memories at: "/Users/louloulin/Documents/linchong/ai/AiNiee-Next/.ralph/agent/memories.md" (exists: true)
2026-02-27T23:35:32.660445Z  INFO ralph_core::event_loop: Successfully loaded 15 memories from store
2026-02-27T23:35:32.660463Z  INFO ralph_core::event_loop: Injecting 15 memories (6155 chars) into prompt
2026-02-27T23:35:32.660497Z  INFO ralph_core::event_loop: Injecting scratchpad (1186 chars) into prompt
2026-02-27T23:35:32.660570Z  INFO ralph_core::event_loop: Injecting ready tasks (0 ready, 0 open, 49 closed) into prompt
2026-02-27T23:36:31.050248Z  INFO ralph_core::event_loop: Memory injection check: enabled=true, inject=Auto, workspace_root="/Users/louloulin/Documents/linchong/ai/AiNiee-Next"
2026-02-27T23:36:31.050270Z  INFO ralph_core::event_loop: Looking for memories at: "/Users/louloulin/Documents/linchong/ai/AiNiee-Next/.ralph/agent/memories.md" (exists: true)
2026-02-27T23:36:31.050363Z  INFO ralph_core::event_loop: Successfully loaded 15 memories from store
2026-02-27T23:36:31.050378Z  INFO ralph_core::event_loop: Injecting 15 memories (6155 chars) into prompt
2026-02-27T23:36:31.050405Z  INFO ralph_core::event_loop: Injecting scratchpad (1186 chars) into prompt
2026-02-27T23:36:31.050471Z  INFO ralph_core::event_loop: Injecting ready tasks (0 ready, 0 open, 49 closed) into prompt
2026-02-27T23:37:21.890081Z  INFO ralph_core::event_loop: Memory injection check: enabled=true, inject=Auto, workspace_root="/Users/louloulin/Documents/linchong/ai/AiNiee-Next"
2026-02-27T23:37:21.890107Z  INFO ralph_core::event_loop: Looking for memories at: "/Users/louloulin/Documents/linchong/ai/AiNiee-Next/.ralph/agent/memories.md" (exists: true)
2026-02-27T23:37:21.890208Z  INFO ralph_core::event_loop: Successfully loaded 15 memories from store
2026-02-27T23:37:21.890223Z  INFO ralph_core::event_loop: Injecting 15 memories (6155 chars) into prompt
2026-02-27T23:37:21.890256Z  INFO ralph_core::event_loop: Injecting scratchpad (1186 chars) into prompt
2026-02-27T23:37:21.890339Z  INFO ralph_core::event_loop: Injecting ready tasks (0 ready, 0 open, 49 closed) into prompt
2026-02-27T23:38:18.273751Z  INFO ralph_core::event_loop: Memory injection check: enabled=true, inject=Auto, workspace_root="/Users/louloulin/Documents/linchong/ai/AiNiee-Next"
2026-02-27T23:38:18.273787Z  INFO ralph_core::event_loop: Looking for memories at: "/Users/louloulin/Documents/linchong/ai/AiNiee-Next/.ralph/agent/memories.md" (exists: true)
2026-02-27T23:38:18.273893Z  INFO ralph_core::event_loop: Successfully loaded 15 memories from store
2026-02-27T23:38:18.273908Z  INFO ralph_core::event_loop: Injecting 15 memories (6155 chars) into prompt
2026-02-27T23:38:18.273937Z  INFO ralph_core::event_loop: Injecting scratchpad (1186 chars) into prompt
2026-02-27T23:38:18.274018Z  INFO ralph_core::event_loop: Injecting ready tasks (0 ready, 0 open, 49 closed) into prompt
2026-02-27T23:39:27.648109Z  INFO ralph_core::event_loop: Memory injection check: enabled=true, inject=Auto, workspace_root="/Users/louloulin/Documents/linchong/ai/AiNiee-Next"
2026-02-27T23:39:27.648141Z  INFO ralph_core::event_loop: Looking for memories at: "/Users/louloulin/Documents/linchong/ai/AiNiee-Next/.ralph/agent/memories.md" (exists: true)
2026-02-27T23:39:27.648244Z  INFO ralph_core::event_loop: Successfully loaded 15 memories from store
2026-02-27T23:39:27.648266Z  INFO ralph_core::event_loop: Injecting 15 memories (6155 chars) into prompt
2026-02-27T23:39:27.648302Z  INFO ralph_core::event_loop: Injecting scratchpad (1271 chars) into prompt
2026-02-27T23:39:27.648385Z  INFO ralph_core::event_loop: Injecting ready tasks (0 ready, 0 open, 49 closed) into prompt
2026-02-27T23:40:40.652138Z  INFO ralph_core::event_loop: Memory injection check: enabled=true, inject=Auto, workspace_root="/Users/louloulin/Documents/linchong/ai/AiNiee-Next"
2026-02-27T23:40:40.652174Z  INFO ralph_core::event_loop: Looking for memories at: "/Users/louloulin/Documents/linchong/ai/AiNiee-Next/.ralph/agent/memories.md" (exists: true)
2026-02-27T23:40:40.652292Z  INFO ralph_core::event_loop: Successfully loaded 15 memories from store
2026-02-27T23:40:40.652312Z  INFO ralph_core::event_loop: Injecting 15 memories (6155 chars) into prompt
2026-02-27T23:40:40.652345Z  INFO ralph_core::event_loop: Injecting scratchpad (1271 chars) into prompt
2026-02-27T23:40:40.652418Z  INFO ralph_core::event_loop: Injecting ready tasks (0 ready, 0 open, 49 closed) into prompt
2026-02-27T23:41:23.755339Z  INFO ralph_core::event_loop: Memory injection check: enabled=true, inject=Auto, workspace_root="/Users/louloulin/Documents/linchong/ai/AiNiee-Next"
2026-02-27T23:41:23.755370Z  INFO ralph_core::event_loop: Looking for memories at: "/Users/louloulin/Documents/linchong/ai/AiNiee-Next/.ralph/agent/memories.md" (exists: true)
2026-02-27T23:41:23.755725Z  INFO ralph_core::event_loop: Successfully loaded 15 memories from store
2026-02-27T23:41:23.755756Z  INFO ralph_core::event_loop: Injecting 15 memories (6155 chars) into prompt
2026-02-27T23:41:23.755967Z  INFO ralph_core::event_loop: Injecting scratchpad (1271 chars) into prompt
2026-02-27T23:41:23.756294Z  INFO ralph_core::event_loop: Injecting ready tasks (0 ready, 0 open, 49 closed) into prompt
2026-02-27T23:42:15.870758Z  INFO ralph_core::event_loop: Memory injection check: enabled=true, inject=Auto, workspace_root="/Users/louloulin/Documents/linchong/ai/AiNiee-Next"
2026-02-27T23:42:15.870797Z  INFO ralph_core::event_loop: Looking for memories at: "/Users/louloulin/Documents/linchong/ai/AiNiee-Next/.ralph/agent/memories.md" (exists: true)
2026-02-27T23:42:15.871643Z  INFO ralph_core::event_loop: Successfully loaded 15 memories from store
2026-02-27T23:42:15.871664Z  INFO ralph_core::event_loop: Injecting 15 memories (6155 chars) into prompt
2026-02-27T23:42:15.871929Z  INFO ralph_core::event_loop: Injecting scratchpad (1271 chars) into prompt
2026-02-27T23:42:15.872021Z  INFO ralph_core::event_loop: Injecting ready tasks (0 ready, 0 open, 49 closed) into prompt
2026-02-27T23:42:22.867939Z  INFO ralph_core::event_loop: Memory injection check: enabled=true, inject=Auto, workspace_root="/Users/louloulin/Documents/linchong/ai/AiNiee-Next"
2026-02-27T23:42:22.882061Z  INFO ralph_core::event_loop: Looking for memories at: "/Users/louloulin/Documents/linchong/ai/AiNiee-Next/.ralph/agent/memories.md" (exists: true)
2026-02-27T23:42:22.882230Z  INFO ralph_core::event_loop: Successfully loaded 15 memories from store
2026-02-27T23:42:22.882249Z  INFO ralph_core::event_loop: Injecting 15 memories (6155 chars) into prompt
2026-02-27T23:42:22.882291Z  INFO ralph_core::event_loop: Injecting scratchpad (1271 chars) into prompt
2026-02-27T23:42:22.882377Z  INFO ralph_core::event_loop: Injecting ready tasks (0 ready, 0 open, 49 closed) into prompt
2026-02-27T23:45:28.561471Z  INFO ralph_core::event_loop: Completion event detected in JSONL topic=LOOP_COMPLETE
2026-02-27T23:45:28.561591Z  INFO ralph_core::event_loop: Completion event detected - terminating
2026-02-27T23:45:28.561607Z  INFO ralph::loop_runner: Completion event LOOP_COMPLETE detected.
2026-02-27T23:45:28.561617Z  INFO ralph_core::event_loop: Wrapping up: completed. 17 iterations in 24m 39s. reason=completed iterations=17 duration=24m 39s
2026-02-27T23:45:28.573662Z  INFO ralph_core::landing: Beginning landing sequence loop_id=primary
2026-02-27T23:45:28.682892Z  INFO ralph_core::landing: Auto-committed changes during landing loop_id=primary commit=Some("3e7527533b5d727ed9f78d9b1152bd2b58bef5a0") files=29
2026-02-27T23:45:29.325665Z  INFO ralph_core::landing: Generated handoff file loop_id=primary path=/Users/louloulin/Documents/linchong/ai/AiNiee-Next/.ralph/agent/handoff.md completed=49 open=0
2026-02-27T23:45:29.350077Z  INFO ralph_core::loop_completion: Landing completed with auto-commit commit=Some("3e7527533b5d727ed9f78d9b1152bd2b58bef5a0") handoff=/Users/louloulin/Documents/linchong/ai/AiNiee-Next/.ralph/agent/handoff.md
2026-02-27T23:45:29.350092Z  INFO ralph::loop_runner: Primary loop landed successfully committed=true handoff=/Users/louloulin/Documents/linchong/ai/AiNiee-Next/.ralph/agent/handoff.md open_tasks=0
2026-02-27T23:45:35.494920Z  INFO ralph_tui::app: Ctrl+C detected, signaling main loop
