2026-02-26T15:27:39.851459Z  WARN ralph: Config file "ralph.yml" not found, using defaults
2026-02-26T15:27:39.961145Z  INFO ralph_core::event_loop: Memory injection check: enabled=true, inject=Auto, workspace_root="/Users/louloulin/Documents/linchong/ai/AiNiee-Next"
2026-02-26T15:27:39.961169Z  INFO ralph_core::event_loop: Looking for memories at: "/Users/louloulin/Documents/linchong/ai/AiNiee-Next/.ralph/agent/memories.md" (exists: false)
2026-02-26T15:27:39.961175Z  INFO ralph_core::event_loop: Successfully loaded 0 memories from store
2026-02-26T15:27:39.961178Z  INFO ralph_core::event_loop: Memory store is empty - no memories to inject
2026-02-26T15:27:39.961369Z  INFO ralph_core::event_loop: Injecting ready tasks (0 ready, 0 open, 3 closed) into prompt
2026-02-26T15:37:03.322445Z  INFO ralph_core::event_loop: Memory injection check: enabled=true, inject=Auto, workspace_root="/Users/louloulin/Documents/linchong/ai/AiNiee-Next"
2026-02-26T15:37:03.322615Z  INFO ralph_core::event_loop: Looking for memories at: "/Users/louloulin/Documents/linchong/ai/AiNiee-Next/.ralph/agent/memories.md" (exists: false)
2026-02-26T15:37:03.322632Z  INFO ralph_core::event_loop: Successfully loaded 0 memories from store
2026-02-26T15:37:03.322638Z  INFO ralph_core::event_loop: Memory store is empty - no memories to inject
2026-02-26T15:37:03.322986Z  INFO ralph_core::event_loop: Injecting scratchpad (6231 chars) into prompt
2026-02-26T15:37:03.323151Z  INFO ralph_core::event_loop: Injecting ready tasks (0 ready, 0 open, 4 closed) into prompt
2026-02-26T15:43:14.358113Z  INFO ralph_core::event_loop: Memory injection check: enabled=true, inject=Auto, workspace_root="/Users/louloulin/Documents/linchong/ai/AiNiee-Next"
2026-02-26T15:43:14.358388Z  INFO ralph_core::event_loop: Looking for memories at: "/Users/louloulin/Documents/linchong/ai/AiNiee-Next/.ralph/agent/memories.md" (exists: false)
2026-02-26T15:43:14.358412Z  INFO ralph_core::event_loop: Successfully loaded 0 memories from store
2026-02-26T15:43:14.358421Z  INFO ralph_core::event_loop: Memory store is empty - no memories to inject
2026-02-26T15:43:14.358499Z  INFO ralph_core::event_loop: Injecting scratchpad (7603 chars) into prompt
2026-02-26T15:43:14.358709Z  INFO ralph_core::event_loop: Injecting ready tasks (3 ready, 3 open, 5 closed) into prompt
2026-02-26T15:51:20.740628Z  INFO ralph_core::event_loop: Memory injection check: enabled=true, inject=Auto, workspace_root="/Users/louloulin/Documents/linchong/ai/AiNiee-Next"
2026-02-26T15:51:20.740891Z  INFO ralph_core::event_loop: Looking for memories at: "/Users/louloulin/Documents/linchong/ai/AiNiee-Next/.ralph/agent/memories.md" (exists: false)
2026-02-26T15:51:20.740905Z  INFO ralph_core::event_loop: Successfully loaded 0 memories from store
2026-02-26T15:51:20.740910Z  INFO ralph_core::event_loop: Memory store is empty - no memories to inject
2026-02-26T15:51:20.740954Z  INFO ralph_core::event_loop: Injecting scratchpad (8963 chars) into prompt
2026-02-26T15:51:20.741147Z  INFO ralph_core::event_loop: Injecting ready tasks (2 ready, 2 open, 6 closed) into prompt
2026-02-26T15:59:42.956093Z  INFO ralph_core::event_loop: Memory injection check: enabled=true, inject=Auto, workspace_root="/Users/louloulin/Documents/linchong/ai/AiNiee-Next"
2026-02-26T15:59:42.956306Z  INFO ralph_core::event_loop: Looking for memories at: "/Users/louloulin/Documents/linchong/ai/AiNiee-Next/.ralph/agent/memories.md" (exists: false)
2026-02-26T15:59:42.956327Z  INFO ralph_core::event_loop: Successfully loaded 0 memories from store
2026-02-26T15:59:42.956333Z  INFO ralph_core::event_loop: Memory store is empty - no memories to inject
2026-02-26T15:59:42.956499Z  INFO ralph_core::event_loop: Injecting scratchpad (12166 chars) into prompt
2026-02-26T15:59:42.956690Z  INFO ralph_core::event_loop: Injecting ready tasks (1 ready, 1 open, 7 closed) into prompt
2026-02-26T16:06:33.234247Z  INFO ralph_core::event_loop: Memory injection check: enabled=true, inject=Auto, workspace_root="/Users/louloulin/Documents/linchong/ai/AiNiee-Next"
2026-02-26T16:06:33.234635Z  INFO ralph_core::event_loop: Looking for memories at: "/Users/louloulin/Documents/linchong/ai/AiNiee-Next/.ralph/agent/memories.md" (exists: false)
2026-02-26T16:06:33.234797Z  INFO ralph_core::event_loop: Successfully loaded 0 memories from store
2026-02-26T16:06:33.234803Z  INFO ralph_core::event_loop: Memory store is empty - no memories to inject
2026-02-26T16:06:33.234967Z  INFO ralph_core::event_loop: Injecting scratchpad (12166 chars) into prompt
2026-02-26T16:06:33.235156Z  INFO ralph_core::event_loop: Injecting ready tasks (0 ready, 0 open, 8 closed) into prompt
2026-02-26T16:08:42.737586Z  INFO ralph_core::event_loop: Completion event detected in JSONL topic=LOOP_COMPLETE
2026-02-26T16:08:42.737913Z  INFO ralph_core::event_loop: Completion event detected - terminating
2026-02-26T16:08:42.737933Z  INFO ralph::loop_runner: Completion event LOOP_COMPLETE detected.
2026-02-26T16:08:42.737945Z  INFO ralph_core::event_loop: Wrapping up: completed. 6 iterations in 41m 2s. reason=completed iterations=6 duration=41m 2s
2026-02-26T16:08:42.748845Z  INFO ralph_core::landing: Beginning landing sequence loop_id=primary
