2026-02-27T23:14:31.223621Z  WARN ralph::preflight: Config file "ralph.yml" not found, using defaults
2026-02-27T23:14:31.336342Z  INFO ralph_core::event_loop: Memory injection check: enabled=true, inject=Auto, workspace_root="/Users/louloulin/Documents/linchong/ai/AiNiee-Next"
2026-02-27T23:14:31.336606Z  INFO ralph_core::event_loop: Looking for memories at: "/Users/louloulin/Documents/linchong/ai/AiNiee-Next/.ralph/agent/memories.md" (exists: true)
2026-02-27T23:14:31.338140Z  INFO ralph_core::event_loop: Successfully loaded 15 memories from store
2026-02-27T23:14:31.338171Z  INFO ralph_core::event_loop: Injecting 15 memories (6155 chars) into prompt
2026-02-27T23:14:31.338782Z  INFO ralph_core::event_loop: Injecting ready tasks (0 ready, 0 open, 49 closed) into prompt
2026-02-27T23:15:58.468269Z  INFO ralph_core::event_loop: Memory injection check: enabled=true, inject=Auto, workspace_root="/Users/louloulin/Documents/linchong/ai/AiNiee-Next"
2026-02-27T23:15:58.468300Z  INFO ralph_core::event_loop: Looking for memories at: "/Users/louloulin/Documents/linchong/ai/AiNiee-Next/.ralph/agent/memories.md" (exists: true)
2026-02-27T23:15:58.468406Z  INFO ralph_core::event_loop: Successfully loaded 15 memories from store
2026-02-27T23:15:58.468422Z  INFO ralph_core::event_loop: Injecting 15 memories (6155 chars) into prompt
2026-02-27T23:15:58.468494Z  INFO ralph_core::event_loop: Injecting ready tasks (0 ready, 0 open, 49 closed) into prompt
2026-02-27T23:19:13.591069Z  INFO ralph_core::event_loop: Memory injection check: enabled=true, inject=Auto, workspace_root="/Users/louloulin/Documents/linchong/ai/AiNiee-Next"
2026-02-27T23:19:13.591096Z  INFO ralph_core::event_loop: Looking for memories at: "/Users/louloulin/Documents/linchong/ai/AiNiee-Next/.ralph/agent/memories.md" (exists: true)
2026-02-27T23:19:13.591190Z  INFO ralph_core::event_loop: Successfully loaded 15 memories from store
2026-02-27T23:19:13.591205Z  INFO ralph_core::event_loop: Injecting 15 memories (6155 chars) into prompt
2026-02-27T23:19:13.591283Z  INFO ralph_core::event_loop: Injecting ready tasks (0 ready, 0 open, 49 closed) into prompt
2026-02-27T23:20:27.850513Z  INFO ralph_core::event_loop: Completion event detected in JSONL topic=LOOP_COMPLETE
2026-02-27T23:20:27.850613Z  INFO ralph_core::event_loop: Completion event detected - terminating
2026-02-27T23:20:27.850627Z  INFO ralph::loop_runner: Completion event LOOP_COMPLETE detected.
2026-02-27T23:20:27.850635Z  INFO ralph_core::event_loop: Wrapping up: completed. 3 iterations in 5m 56s. reason=completed iterations=3 duration=5m 56s
2026-02-27T23:20:27.860651Z  INFO ralph_core::landing: Beginning landing sequence loop_id=primary
