2026-02-27T16:52:32.093830Z  WARN ralph::preflight: Config file "ralph.yml" not found, using defaults
2026-02-27T16:52:32.204159Z  INFO ralph_core::event_loop: Memory injection check: enabled=true, inject=Auto, workspace_root="/Users/louloulin/Documents/linchong/ai/AiNiee-Next"
2026-02-27T16:52:32.204209Z  INFO ralph_core::event_loop: Looking for memories at: "/Users/louloulin/Documents/linchong/ai/AiNiee-Next/.ralph/agent/memories.md" (exists: true)
2026-02-27T16:52:32.205868Z  INFO ralph_core::event_loop: Successfully loaded 15 memories from store
2026-02-27T16:52:32.205901Z  INFO ralph_core::event_loop: Injecting 15 memories (6155 chars) into prompt
2026-02-27T16:52:32.206111Z  INFO ralph_core::event_loop: Injecting ready tasks (0 ready, 0 open, 49 closed) into prompt
2026-02-27T16:54:35.602698Z  INFO ralph_core::event_loop: Memory injection check: enabled=true, inject=Auto, workspace_root="/Users/louloulin/Documents/linchong/ai/AiNiee-Next"
2026-02-27T16:54:35.602724Z  INFO ralph_core::event_loop: Looking for memories at: "/Users/louloulin/Documents/linchong/ai/AiNiee-Next/.ralph/agent/memories.md" (exists: true)
2026-02-27T16:54:35.602821Z  INFO ralph_core::event_loop: Successfully loaded 15 memories from store
2026-02-27T16:54:35.602835Z  INFO ralph_core::event_loop: Injecting 15 memories (6155 chars) into prompt
2026-02-27T16:54:35.602923Z  INFO ralph_core::event_loop: Injecting ready tasks (0 ready, 0 open, 49 closed) into prompt
2026-02-27T16:58:34.309237Z  INFO ralph_core::event_loop: Completion event detected in JSONL topic=LOOP_COMPLETE
2026-02-27T16:58:34.309338Z  INFO ralph_core::event_loop: Completion event detected - terminating
2026-02-27T16:58:34.309355Z  INFO ralph::loop_runner: Completion event LOOP_COMPLETE detected.
2026-02-27T16:58:34.309361Z  INFO ralph_core::event_loop: Wrapping up: completed. 2 iterations in 6m 2s. reason=completed iterations=2 duration=6m 2s
2026-02-27T16:58:34.318470Z  INFO ralph_core::landing: Beginning landing sequence loop_id=primary
2026-02-27T16:58:34.411707Z  INFO ralph_core::landing: Auto-committed changes during landing loop_id=primary commit=Some("707b95817bda2c9b33708b988a6969636d4d7f43") files=16
2026-02-27T16:58:35.060588Z  INFO ralph_core::landing: Generated handoff file loop_id=primary path=/Users/louloulin/Documents/linchong/ai/AiNiee-Next/.ralph/agent/handoff.md completed=49 open=0
2026-02-27T16:58:35.085333Z  INFO ralph_core::loop_completion: Landing completed with auto-commit commit=Some("707b95817bda2c9b33708b988a6969636d4d7f43") handoff=/Users/louloulin/Documents/linchong/ai/AiNiee-Next/.ralph/agent/handoff.md
2026-02-27T16:58:35.085352Z  INFO ralph::loop_runner: Primary loop landed successfully committed=true handoff=/Users/louloulin/Documents/linchong/ai/AiNiee-Next/.ralph/agent/handoff.md open_tasks=0
2026-02-27T17:31:31.791652Z  INFO ralph_tui::app: Ctrl+C detected, signaling main loop
