2026-02-28T00:30:34.061594Z  WARN ralph::preflight: Config file "ralph.yml" not found, using defaults
2026-02-28T00:30:34.178744Z  INFO ralph_core::event_loop: Memory injection check: enabled=true, inject=Auto, workspace_root="/Users/louloulin/Documents/linchong/ai/AiNiee-Next"
2026-02-28T00:30:34.178797Z  INFO ralph_core::event_loop: Looking for memories at: "/Users/louloulin/Documents/linchong/ai/AiNiee-Next/.ralph/agent/memories.md" (exists: true)
2026-02-28T00:30:34.180090Z  INFO ralph_core::event_loop: Successfully loaded 15 memories from store
2026-02-28T00:30:34.180123Z  INFO ralph_core::event_loop: Injecting 15 memories (6155 chars) into prompt
2026-02-28T00:30:34.180344Z  INFO ralph_core::event_loop: Injecting ready tasks (0 ready, 0 open, 53 closed) into prompt
2026-02-28T00:37:46.148222Z  WARN ralph_core::event_loop: build.done rejected: missing backpressure evidence
2026-02-28T00:37:46.148325Z  INFO ralph_core::event_loop: Memory injection check: enabled=true, inject=Auto, workspace_root="/Users/louloulin/Documents/linchong/ai/AiNiee-Next"
2026-02-28T00:37:46.148339Z  INFO ralph_core::event_loop: Looking for memories at: "/Users/louloulin/Documents/linchong/ai/AiNiee-Next/.ralph/agent/memories.md" (exists: true)
2026-02-28T00:37:46.148683Z  INFO ralph_core::event_loop: Successfully loaded 15 memories from store
2026-02-28T00:37:46.148713Z  INFO ralph_core::event_loop: Injecting 15 memories (6155 chars) into prompt
2026-02-28T00:37:46.148821Z  INFO ralph_core::event_loop: Injecting ready tasks (0 ready, 0 open, 55 closed) into prompt
2026-02-28T00:40:35.546291Z  WARN ralph_core::event_loop: build.done rejected: backpressure checks failed tests=true lint=true typecheck=true audit=true coverage=false duplication=false
2026-02-28T00:40:35.546319Z  INFO ralph_core::event_loop: Completion event detected in JSONL topic=LOOP_COMPLETE
2026-02-28T00:40:35.546428Z  INFO ralph_core::event_loop: Completion event detected - terminating
2026-02-28T00:40:35.546440Z  INFO ralph::loop_runner: Completion event LOOP_COMPLETE detected.
2026-02-28T00:40:35.546447Z  INFO ralph_core::event_loop: Wrapping up: completed. 2 iterations in 10m 1s. reason=completed iterations=2 duration=10m 1s
2026-02-28T00:40:35.557234Z  INFO ralph_core::landing: Beginning landing sequence loop_id=primary
2026-02-28T00:40:35.653591Z  INFO ralph_core::landing: Auto-committed changes during landing loop_id=primary commit=Some("fed6ee84f64ff1e3192710790a6d5834f2fb2dc0") files=15
2026-02-28T00:40:36.380994Z  INFO ralph_core::landing: Generated handoff file loop_id=primary path=/Users/louloulin/Documents/linchong/ai/AiNiee-Next/.ralph/agent/handoff.md completed=55 open=0
2026-02-28T00:40:36.406432Z  INFO ralph_core::loop_completion: Landing completed with auto-commit commit=Some("fed6ee84f64ff1e3192710790a6d5834f2fb2dc0") handoff=/Users/louloulin/Documents/linchong/ai/AiNiee-Next/.ralph/agent/handoff.md
2026-02-28T00:40:36.406446Z  INFO ralph::loop_runner: Primary loop landed successfully committed=true handoff=/Users/louloulin/Documents/linchong/ai/AiNiee-Next/.ralph/agent/handoff.md open_tasks=0
2026-02-28T00:49:47.144942Z  INFO ralph_tui::app: Ctrl+C detected, signaling main loop
