2026-02-26T16:27:38.647936Z  WARN ralph: Config file "ralph.yml" not found, using defaults
2026-02-26T16:27:38.867415Z  INFO ralph_core::event_loop: Memory injection check: enabled=true, inject=Auto, workspace_root="/Users/louloulin/Documents/linchong/ai/AiNiee-Next"
2026-02-26T16:27:38.867457Z  INFO ralph_core::event_loop: Looking for memories at: "/Users/louloulin/Documents/linchong/ai/AiNiee-Next/.ralph/agent/memories.md" (exists: false)
2026-02-26T16:27:38.867471Z  INFO ralph_core::event_loop: Successfully loaded 0 memories from store
2026-02-26T16:27:38.867480Z  INFO ralph_core::event_loop: Memory store is empty - no memories to inject
2026-02-26T16:27:38.868070Z  INFO ralph_core::event_loop: Injecting ready tasks (0 ready, 0 open, 8 closed) into prompt
2026-02-26T16:28:51.096548Z  INFO ralph_core::event_loop: Memory injection check: enabled=true, inject=Auto, workspace_root="/Users/louloulin/Documents/linchong/ai/AiNiee-Next"
2026-02-26T16:28:51.096667Z  INFO ralph_core::event_loop: Looking for memories at: "/Users/louloulin/Documents/linchong/ai/AiNiee-Next/.ralph/agent/memories.md" (exists: false)
2026-02-26T16:28:51.096679Z  INFO ralph_core::event_loop: Successfully loaded 0 memories from store
2026-02-26T16:28:51.096684Z  INFO ralph_core::event_loop: Memory store is empty - no memories to inject
2026-02-26T16:28:51.096872Z  INFO ralph_core::event_loop: Injecting ready tasks (0 ready, 0 open, 8 closed) into prompt
2026-02-26T16:31:15.910772Z  INFO ralph_core::event_loop: Completion event detected in JSONL topic=LOOP_COMPLETE
2026-02-26T16:31:15.911189Z  INFO ralph_core::event_loop: Completion event detected - terminating
2026-02-26T16:31:15.911219Z  INFO ralph::loop_runner: Completion event LOOP_COMPLETE detected.
2026-02-26T16:31:15.911245Z  INFO ralph_core::event_loop: Wrapping up: completed. 2 iterations in 3m 37s. reason=completed iterations=2 duration=3m 37s
2026-02-26T16:31:15.930232Z  INFO ralph_core::landing: Beginning landing sequence loop_id=primary
2026-02-26T16:31:16.040398Z  INFO ralph_core::landing: Auto-committed changes during landing loop_id=primary commit=Some("a61f8a3ad5d55a3222bdbacabd9c8baef3702c26") files=10
2026-02-26T16:31:17.683452Z  INFO ralph_core::landing: Generated handoff file loop_id=primary path=/Users/louloulin/Documents/linchong/ai/AiNiee-Next/.ralph/agent/handoff.md completed=8 open=0
2026-02-26T16:31:17.711466Z  INFO ralph_core::loop_completion: Landing completed with auto-commit commit=Some("a61f8a3ad5d55a3222bdbacabd9c8baef3702c26") handoff=/Users/louloulin/Documents/linchong/ai/AiNiee-Next/.ralph/agent/handoff.md
2026-02-26T16:31:17.711494Z  INFO ralph::loop_runner: Primary loop landed successfully committed=true handoff=/Users/louloulin/Documents/linchong/ai/AiNiee-Next/.ralph/agent/handoff.md open_tasks=0
2026-02-26T23:12:41.224639Z  INFO ralph_tui::app: Ctrl+C detected, signaling main loop
