2026-02-27T13:26:16.053204Z  WARN ralph::preflight: Config file "ralph.yml" not found, using defaults
2026-02-27T13:26:16.167838Z  INFO ralph_core::event_loop: Memory injection check: enabled=true, inject=Auto, workspace_root="/Users/louloulin/Documents/linchong/ai/AiNiee-Next"
2026-02-27T13:26:16.167879Z  INFO ralph_core::event_loop: Looking for memories at: "/Users/louloulin/Documents/linchong/ai/AiNiee-Next/.ralph/agent/memories.md" (exists: true)
2026-02-27T13:26:16.169478Z  INFO ralph_core::event_loop: Successfully loaded 9 memories from store
2026-02-27T13:26:16.169513Z  INFO ralph_core::event_loop: Injecting 9 memories (2942 chars) into prompt
2026-02-27T13:26:16.170042Z  INFO ralph_core::event_loop: Injecting ready tasks (5 ready, 5 open, 25 closed) into prompt
2026-02-27T13:30:19.339588Z  INFO ralph_core::event_loop: Memory injection check: enabled=true, inject=Auto, workspace_root="/Users/louloulin/Documents/linchong/ai/AiNiee-Next"
2026-02-27T13:30:19.339616Z  INFO ralph_core::event_loop: Looking for memories at: "/Users/louloulin/Documents/linchong/ai/AiNiee-Next/.ralph/agent/memories.md" (exists: true)
2026-02-27T13:30:19.339726Z  INFO ralph_core::event_loop: Successfully loaded 9 memories from store
2026-02-27T13:30:19.339745Z  INFO ralph_core::event_loop: Injecting 9 memories (2942 chars) into prompt
2026-02-27T13:30:19.339839Z  INFO ralph_core::event_loop: Injecting ready tasks (4 ready, 4 open, 26 closed) into prompt
2026-02-27T13:36:06.522918Z  INFO ralph_core::event_loop: Memory injection check: enabled=true, inject=Auto, workspace_root="/Users/louloulin/Documents/linchong/ai/AiNiee-Next"
2026-02-27T13:36:06.522952Z  INFO ralph_core::event_loop: Looking for memories at: "/Users/louloulin/Documents/linchong/ai/AiNiee-Next/.ralph/agent/memories.md" (exists: true)
2026-02-27T13:36:06.523038Z  INFO ralph_core::event_loop: Successfully loaded 10 memories from store
2026-02-27T13:36:06.523051Z  INFO ralph_core::event_loop: Injecting 10 memories (3550 chars) into prompt
2026-02-27T13:36:06.523080Z  INFO ralph_core::event_loop: Injecting scratchpad (3419 chars) into prompt
2026-02-27T13:36:06.523143Z  INFO ralph_core::event_loop: Injecting ready tasks (3 ready, 3 open, 27 closed) into prompt
2026-02-27T13:36:15.069646Z  INFO ralph_core::event_loop: Memory injection check: enabled=true, inject=Auto, workspace_root="/Users/louloulin/Documents/linchong/ai/AiNiee-Next"
2026-02-27T13:36:15.069672Z  INFO ralph_core::event_loop: Looking for memories at: "/Users/louloulin/Documents/linchong/ai/AiNiee-Next/.ralph/agent/memories.md" (exists: true)
2026-02-27T13:36:15.069805Z  INFO ralph_core::event_loop: Successfully loaded 10 memories from store
2026-02-27T13:36:15.070441Z  INFO ralph_core::event_loop: Injecting 10 memories (3550 chars) into prompt
2026-02-27T13:36:15.070491Z  INFO ralph_core::event_loop: Injecting scratchpad (3419 chars) into prompt
2026-02-27T13:36:15.070799Z  INFO ralph_core::event_loop: Injecting ready tasks (3 ready, 3 open, 27 closed) into prompt
2026-02-27T13:36:27.954742Z  INFO ralph_core::event_loop: Memory injection check: enabled=true, inject=Auto, workspace_root="/Users/louloulin/Documents/linchong/ai/AiNiee-Next"
2026-02-27T13:36:27.954760Z  INFO ralph_core::event_loop: Looking for memories at: "/Users/louloulin/Documents/linchong/ai/AiNiee-Next/.ralph/agent/memories.md" (exists: true)
2026-02-27T13:36:27.954859Z  INFO ralph_core::event_loop: Successfully loaded 10 memories from store
2026-02-27T13:36:27.954875Z  INFO ralph_core::event_loop: Injecting 10 memories (3550 chars) into prompt
2026-02-27T13:36:27.954925Z  INFO ralph_core::event_loop: Injecting scratchpad (3419 chars) into prompt
2026-02-27T13:36:27.969891Z  INFO ralph_core::event_loop: Injecting ready tasks (3 ready, 3 open, 27 closed) into prompt
2026-02-27T13:42:20.976640Z  INFO ralph_core::event_loop: Memory injection check: enabled=true, inject=Auto, workspace_root="/Users/louloulin/Documents/linchong/ai/AiNiee-Next"
2026-02-27T13:42:20.976665Z  INFO ralph_core::event_loop: Looking for memories at: "/Users/louloulin/Documents/linchong/ai/AiNiee-Next/.ralph/agent/memories.md" (exists: true)
2026-02-27T13:42:20.976787Z  INFO ralph_core::event_loop: Successfully loaded 10 memories from store
2026-02-27T13:42:20.976800Z  INFO ralph_core::event_loop: Injecting 10 memories (3550 chars) into prompt
2026-02-27T13:42:20.976835Z  INFO ralph_core::event_loop: Injecting scratchpad (3419 chars) into prompt
2026-02-27T13:42:20.976906Z  INFO ralph_core::event_loop: Injecting ready tasks (2 ready, 2 open, 28 closed) into prompt
2026-02-27T13:42:47.053478Z  INFO ralph_tui::app: Ctrl+C detected, signaling main loop
