2026-02-28T03:40:20.916154Z  WARN ralph::preflight: Config file "ralph.yml" not found, using defaults
2026-02-28T03:40:21.025087Z  INFO ralph_core::event_loop: Memory injection check: enabled=true, inject=Auto, workspace_root="/Users/louloulin/Documents/linchong/ai/AiNiee-Next"
2026-02-28T03:40:21.025242Z  INFO ralph_core::event_loop: Looking for memories at: "/Users/louloulin/Documents/linchong/ai/AiNiee-Next/.ralph/agent/memories.md" (exists: true)
2026-02-28T03:40:21.026069Z  INFO ralph_core::event_loop: Successfully loaded 16 memories from store
2026-02-28T03:40:21.026080Z  INFO ralph_core::event_loop: Injecting 16 memories (6422 chars) into prompt
2026-02-28T03:40:21.026536Z  INFO ralph_core::event_loop: Injecting ready tasks (0 ready, 0 open, 57 closed) into prompt
2026-02-28T03:44:59.002230Z  INFO ralph_core::event_loop: Memory injection check: enabled=true, inject=Auto, workspace_root="/Users/louloulin/Documents/linchong/ai/AiNiee-Next"
2026-02-28T03:44:59.002278Z  INFO ralph_core::event_loop: Looking for memories at: "/Users/louloulin/Documents/linchong/ai/AiNiee-Next/.ralph/agent/memories.md" (exists: true)
2026-02-28T03:44:59.002675Z  INFO ralph_core::event_loop: Successfully loaded 16 memories from store
2026-02-28T03:44:59.002699Z  INFO ralph_core::event_loop: Injecting 16 memories (6422 chars) into prompt
2026-02-28T03:44:59.002858Z  INFO ralph_core::event_loop: Injecting scratchpad (1379 chars) into prompt
2026-02-28T03:44:59.003223Z  INFO ralph_core::event_loop: Injecting ready tasks (0 ready, 0 open, 57 closed) into prompt
2026-02-28T03:50:21.932461Z  INFO ralph_core::event_loop: Completion event detected in JSONL topic=LOOP_COMPLETE
2026-02-28T03:50:21.932577Z  INFO ralph_core::event_loop: Completion event detected - terminating
2026-02-28T03:50:21.932590Z  INFO ralph::loop_runner: Completion event LOOP_COMPLETE detected.
2026-02-28T03:50:21.932596Z  INFO ralph_core::event_loop: Wrapping up: completed. 2 iterations in 10m 1s. reason=completed iterations=2 duration=10m 1s
2026-02-28T03:50:21.944451Z  INFO ralph_core::landing: Beginning landing sequence loop_id=primary
2026-02-28T03:50:22.047024Z  INFO ralph_core::landing: Auto-committed changes during landing loop_id=primary commit=Some("55af533c785634f5ed2a7e7077f1dded0d2d4272") files=14
2026-02-28T03:50:22.658091Z  INFO ralph_core::landing: Generated handoff file loop_id=primary path=/Users/louloulin/Documents/linchong/ai/AiNiee-Next/.ralph/agent/handoff.md completed=57 open=0
2026-02-28T03:50:22.682847Z  INFO ralph_core::loop_completion: Landing completed with auto-commit commit=Some("55af533c785634f5ed2a7e7077f1dded0d2d4272") handoff=/Users/louloulin/Documents/linchong/ai/AiNiee-Next/.ralph/agent/handoff.md
2026-02-28T03:50:22.682880Z  INFO ralph::loop_runner: Primary loop landed successfully committed=true handoff=/Users/louloulin/Documents/linchong/ai/AiNiee-Next/.ralph/agent/handoff.md open_tasks=0
2026-02-28T03:50:55.749613Z  INFO ralph_tui::app: Ctrl+C detected, signaling main loop
