2026-02-27T08:14:35.964754Z  WARN ralph::preflight: Config file "ralph.yml" not found, using defaults
2026-02-27T08:14:35.964946Z  INFO ralph: Loop lock held by PID 7581 (# AiNiee-Next 代码分析与改造计划

## 重要
实现相关的功能，更新标记相关的实), spawning parallel loop in worktree
<<<<<<< HEAD
2026-02-27T08:14:36.207616Z  INFO ralph: Created worktree at /Users/louloulin/Documents/linchong/ai/AiNiee-Next/.worktrees/able-owl on branch ralph/able-owl
2026-02-27T08:14:36.318249Z  INFO ralph_core::event_loop: Memory injection check: enabled=true, inject=Auto, workspace_root="/Users/louloulin/Documents/linchong/ai/AiNiee-Next/.worktrees/able-owl"
2026-02-27T08:14:36.318270Z  INFO ralph_core::event_loop: Looking for memories at: "/Users/louloulin/Documents/linchong/ai/AiNiee-Next/.worktrees/able-owl/.ralph/agent/memories.md" (exists: true)
2026-02-27T08:14:36.319046Z  INFO ralph_core::event_loop: Successfully loaded 1 memories from store
2026-02-27T08:14:36.319059Z  INFO ralph_core::event_loop: Injecting 1 memories (346 chars) into prompt
2026-02-27T08:14:36.319332Z  INFO ralph_core::event_loop: Injecting ready tasks (0 ready, 0 open, 2 closed) into prompt
2026-02-27T08:19:15.112445Z  INFO ralph_core::event_loop: Memory injection check: enabled=true, inject=Auto, workspace_root="/Users/louloulin/Documents/linchong/ai/AiNiee-Next/.worktrees/able-owl"
2026-02-27T08:19:15.112497Z  INFO ralph_core::event_loop: Looking for memories at: "/Users/louloulin/Documents/linchong/ai/AiNiee-Next/.worktrees/able-owl/.ralph/agent/memories.md" (exists: true)
2026-02-27T08:19:15.112617Z  INFO ralph_core::event_loop: Successfully loaded 2 memories from store
2026-02-27T08:19:15.112629Z  INFO ralph_core::event_loop: Injecting 2 memories (612 chars) into prompt
2026-02-27T08:19:15.112923Z  INFO ralph_core::event_loop: Injecting ready tasks (0 ready, 0 open, 2 closed) into prompt
<<<<<<< HEAD
2026-02-27T08:25:21.612240Z  INFO ralph_core::event_loop: Memory injection check: enabled=true, inject=Auto, workspace_root="/Users/louloulin/Documents/linchong/ai/AiNiee-Next/.worktrees/able-owl"
2026-02-27T08:25:21.612278Z  INFO ralph_core::event_loop: Looking for memories at: "/Users/louloulin/Documents/linchong/ai/AiNiee-Next/.worktrees/able-owl/.ralph/agent/memories.md" (exists: true)
2026-02-27T08:25:21.612655Z  INFO ralph_core::event_loop: Successfully loaded 3 memories from store
2026-02-27T08:25:21.612678Z  INFO ralph_core::event_loop: Injecting 3 memories (793 chars) into prompt
2026-02-27T08:25:21.612926Z  INFO ralph_core::event_loop: Injecting ready tasks (2 ready, 2 open, 3 closed) into prompt
2026-02-27T08:30:54.495424Z  INFO ralph_core::event_loop: Memory injection check: enabled=true, inject=Auto, workspace_root="/Users/louloulin/Documents/linchong/ai/AiNiee-Next/.worktrees/able-owl"
2026-02-27T08:30:54.495463Z  INFO ralph_core::event_loop: Looking for memories at: "/Users/louloulin/Documents/linchong/ai/AiNiee-Next/.worktrees/able-owl/.ralph/agent/memories.md" (exists: true)
2026-02-27T08:30:54.495571Z  INFO ralph_core::event_loop: Successfully loaded 4 memories from store
2026-02-27T08:30:54.495581Z  INFO ralph_core::event_loop: Injecting 4 memories (1147 chars) into prompt
2026-02-27T08:30:54.495614Z  INFO ralph_core::event_loop: Injecting scratchpad (1502 chars) into prompt
2026-02-27T08:30:54.495678Z  INFO ralph_core::event_loop: Injecting ready tasks (1 ready, 1 open, 4 closed) into prompt
2026-02-27T08:37:58.332461Z  INFO ralph_core::event_loop: Completion event detected in JSONL topic=LOOP_COMPLETE
2026-02-27T08:37:58.332584Z  INFO ralph_core::event_loop: Completion event detected - terminating
2026-02-27T08:37:58.332600Z  INFO ralph::loop_runner: Completion event LOOP_COMPLETE detected.
2026-02-27T08:37:58.332609Z  INFO ralph_core::event_loop: Wrapping up: completed. 4 iterations in 23m 22s. reason=completed iterations=4 duration=23m 22s
2026-02-27T08:37:58.348930Z  INFO ralph_core::landing: Beginning landing sequence loop_id=able-owl
2026-02-27T08:37:58.432649Z  INFO ralph_core::landing: Auto-committed changes during landing loop_id=able-owl commit=Some("95308c56b2729c177a66f6a62e3849d8785188d6") files=22
2026-02-27T08:37:59.342425Z  INFO ralph_core::landing: Generated handoff file loop_id=able-owl path=/Users/louloulin/Documents/linchong/ai/AiNiee-Next/.worktrees/able-owl/.ralph/agent/handoff.md completed=5 open=0
2026-02-27T08:37:59.354848Z  INFO ralph_core::loop_completion: Landing completed with auto-commit commit=Some("95308c56b2729c177a66f6a62e3849d8785188d6") handoff=/Users/louloulin/Documents/linchong/ai/AiNiee-Next/.worktrees/able-owl/.ralph/agent/handoff.md
2026-02-27T08:37:59.354861Z  INFO ralph_core::loop_completion: Loop completed - worktree preserved for manual merge (--no-auto-merge) loop_id=able-owl worktree=/Users/louloulin/Documents/linchong/ai/AiNiee-Next/.worktrees/able-owl
2026-02-27T08:37:59.354865Z  INFO ralph::loop_runner: Loop completed. To merge manually: cd /Users/louloulin/Documents/linchong/ai/AiNiee-Next/.worktrees/able-owl && git merge loop_id=able-owl
2026-02-27T08:38:28.488220Z  INFO ralph_tui::app: Ctrl+C detected, signaling main loop
=======
>>>>>>> ralph/chipper-crane
=======
>>>>>>> ralph/able-owl
