2026-02-28T04:23:49.907762Z  WARN ralph::preflight: Config file "ralph.yml" not found, using defaults
2026-02-28T04:23:50.023908Z  INFO ralph_core::event_loop: Memory injection check: enabled=true, inject=Auto, workspace_root="/Users/louloulin/Documents/linchong/ai/AiNiee-Next"
2026-02-28T04:23:50.023951Z  INFO ralph_core::event_loop: Looking for memories at: "/Users/louloulin/Documents/linchong/ai/AiNiee-Next/.ralph/agent/memories.md" (exists: true)
2026-02-28T04:23:50.025289Z  INFO ralph_core::event_loop: Successfully loaded 16 memories from store
2026-02-28T04:23:50.025325Z  INFO ralph_core::event_loop: Injecting 16 memories (6422 chars) into prompt
2026-02-28T04:23:50.025543Z  INFO ralph_core::event_loop: Injecting ready tasks (0 ready, 0 open, 63 closed) into prompt
2026-02-28T04:25:19.791955Z  INFO ralph_core::event_loop: Memory injection check: enabled=true, inject=Auto, workspace_root="/Users/louloulin/Documents/linchong/ai/AiNiee-Next"
2026-02-28T04:25:19.791978Z  INFO ralph_core::event_loop: Looking for memories at: "/Users/louloulin/Documents/linchong/ai/AiNiee-Next/.ralph/agent/memories.md" (exists: true)
2026-02-28T04:25:19.792102Z  INFO ralph_core::event_loop: Successfully loaded 16 memories from store
2026-02-28T04:25:19.792118Z  INFO ralph_core::event_loop: Injecting 16 memories (6422 chars) into prompt
2026-02-28T04:25:19.792145Z  INFO ralph_core::event_loop: Injecting scratchpad (3087 chars) into prompt
2026-02-28T04:25:19.792234Z  INFO ralph_core::event_loop: Injecting ready tasks (0 ready, 0 open, 63 closed) into prompt
2026-02-28T04:26:44.395501Z  INFO ralph_core::event_loop: Memory injection check: enabled=true, inject=Auto, workspace_root="/Users/louloulin/Documents/linchong/ai/AiNiee-Next"
2026-02-28T04:26:44.395531Z  INFO ralph_core::event_loop: Looking for memories at: "/Users/louloulin/Documents/linchong/ai/AiNiee-Next/.ralph/agent/memories.md" (exists: true)
2026-02-28T04:26:44.395635Z  INFO ralph_core::event_loop: Successfully loaded 17 memories from store
2026-02-28T04:26:44.395650Z  INFO ralph_core::event_loop: Injecting 17 memories (6878 chars) into prompt
2026-02-28T04:26:44.395674Z  INFO ralph_core::event_loop: Injecting scratchpad (3430 chars) into prompt
2026-02-28T04:26:44.395753Z  INFO ralph_core::event_loop: Injecting ready tasks (0 ready, 4 open, 64 closed) into prompt
2026-02-28T04:28:39.129692Z  INFO ralph_core::event_loop: Memory injection check: enabled=true, inject=Auto, workspace_root="/Users/louloulin/Documents/linchong/ai/AiNiee-Next"
2026-02-28T04:28:39.129719Z  INFO ralph_core::event_loop: Looking for memories at: "/Users/louloulin/Documents/linchong/ai/AiNiee-Next/.ralph/agent/memories.md" (exists: true)
2026-02-28T04:28:39.129822Z  INFO ralph_core::event_loop: Successfully loaded 18 memories from store
2026-02-28T04:28:39.129837Z  INFO ralph_core::event_loop: Injecting 18 memories (7291 chars) into prompt
2026-02-28T04:28:39.129865Z  INFO ralph_core::event_loop: Injecting scratchpad (4173 chars) into prompt
2026-02-28T04:28:39.129943Z  INFO ralph_core::event_loop: Injecting ready tasks (1 ready, 2 open, 70 closed) into prompt
2026-02-28T04:32:29.320901Z  INFO ralph_core::event_loop: Memory injection check: enabled=true, inject=Auto, workspace_root="/Users/louloulin/Documents/linchong/ai/AiNiee-Next"
2026-02-28T04:32:29.320934Z  INFO ralph_core::event_loop: Looking for memories at: "/Users/louloulin/Documents/linchong/ai/AiNiee-Next/.ralph/agent/memories.md" (exists: true)
2026-02-28T04:32:29.321777Z  INFO ralph_core::event_loop: Successfully loaded 18 memories from store
2026-02-28T04:32:29.321796Z  INFO ralph_core::event_loop: Injecting 18 memories (7291 chars) into prompt
2026-02-28T04:32:29.321834Z  INFO ralph_core::event_loop: Injecting scratchpad (6705 chars) into prompt
2026-02-28T04:32:29.321925Z  INFO ralph_core::event_loop: Injecting ready tasks (1 ready, 1 open, 71 closed) into prompt
