2026-02-27T14:30:12.903923Z  WARN ralph::preflight: Config file "ralph.yml" not found, using defaults
2026-02-27T14:30:13.022800Z  INFO ralph_core::event_loop: Memory injection check: enabled=true, inject=Auto, workspace_root="/Users/louloulin/Documents/linchong/ai/AiNiee-Next"
2026-02-27T14:30:13.022829Z  INFO ralph_core::event_loop: Looking for memories at: "/Users/louloulin/Documents/linchong/ai/AiNiee-Next/.ralph/agent/memories.md" (exists: true)
2026-02-27T14:30:13.023562Z  INFO ralph_core::event_loop: Successfully loaded 11 memories from store
2026-02-27T14:30:13.023584Z  INFO ralph_core::event_loop: Injecting 11 memories (4058 chars) into prompt
2026-02-27T14:30:13.023715Z  INFO ralph_core::event_loop: Injecting ready tasks (0 ready, 0 open, 36 closed) into prompt
2026-02-27T14:37:03.468801Z  INFO ralph_core::event_loop: Memory injection check: enabled=true, inject=Auto, workspace_root="/Users/louloulin/Documents/linchong/ai/AiNiee-Next"
2026-02-27T14:37:03.468831Z  INFO ralph_core::event_loop: Looking for memories at: "/Users/louloulin/Documents/linchong/ai/AiNiee-Next/.ralph/agent/memories.md" (exists: true)
2026-02-27T14:37:03.468920Z  INFO ralph_core::event_loop: Successfully loaded 12 memories from store
2026-02-27T14:37:03.468934Z  INFO ralph_core::event_loop: Injecting 12 memories (4755 chars) into prompt
2026-02-27T14:37:03.468957Z  INFO ralph_core::event_loop: Injecting scratchpad (2614 chars) into prompt
2026-02-27T14:37:03.469021Z  INFO ralph_core::event_loop: Injecting ready tasks (0 ready, 0 open, 37 closed) into prompt
2026-02-27T14:40:18.179730Z  INFO ralph_core::event_loop: Memory injection check: enabled=true, inject=Auto, workspace_root="/Users/louloulin/Documents/linchong/ai/AiNiee-Next"
2026-02-27T14:40:18.179758Z  INFO ralph_core::event_loop: Looking for memories at: "/Users/louloulin/Documents/linchong/ai/AiNiee-Next/.ralph/agent/memories.md" (exists: true)
2026-02-27T14:40:18.179848Z  INFO ralph_core::event_loop: Successfully loaded 12 memories from store
2026-02-27T14:40:18.179860Z  INFO ralph_core::event_loop: Injecting 12 memories (4755 chars) into prompt
2026-02-27T14:40:18.179889Z  INFO ralph_core::event_loop: Injecting scratchpad (2614 chars) into prompt
2026-02-27T14:40:18.179963Z  INFO ralph_core::event_loop: Injecting ready tasks (2 ready, 2 open, 38 closed) into prompt
2026-02-27T14:43:23.256185Z  INFO ralph_core::event_loop: Memory injection check: enabled=true, inject=Auto, workspace_root="/Users/louloulin/Documents/linchong/ai/AiNiee-Next"
2026-02-27T14:43:23.256291Z  INFO ralph_core::event_loop: Looking for memories at: "/Users/louloulin/Documents/linchong/ai/AiNiee-Next/.ralph/agent/memories.md" (exists: true)
2026-02-27T14:43:23.256390Z  INFO ralph_core::event_loop: Successfully loaded 13 memories from store
2026-02-27T14:43:23.256404Z  INFO ralph_core::event_loop: Injecting 13 memories (5375 chars) into prompt
2026-02-27T14:43:23.256441Z  INFO ralph_core::event_loop: Injecting scratchpad (2614 chars) into prompt
2026-02-27T14:43:23.256505Z  INFO ralph_core::event_loop: Injecting ready tasks (1 ready, 1 open, 39 closed) into prompt
2026-02-27T14:55:03.961286Z  INFO ralph_core::event_loop: Memory injection check: enabled=true, inject=Auto, workspace_root="/Users/louloulin/Documents/linchong/ai/AiNiee-Next"
2026-02-27T14:55:03.961314Z  INFO ralph_core::event_loop: Looking for memories at: "/Users/louloulin/Documents/linchong/ai/AiNiee-Next/.ralph/agent/memories.md" (exists: true)
2026-02-27T14:55:03.961413Z  INFO ralph_core::event_loop: Successfully loaded 13 memories from store
2026-02-27T14:55:03.961424Z  INFO ralph_core::event_loop: Injecting 13 memories (5375 chars) into prompt
2026-02-27T14:55:03.961462Z  INFO ralph_core::event_loop: Injecting scratchpad (5918 chars) into prompt
2026-02-27T14:55:03.962577Z  INFO ralph_core::event_loop: Injecting ready tasks (1 ready, 1 open, 39 closed) into prompt
2026-02-27T14:56:53.409476Z  INFO ralph_core::event_loop: Completion event detected in JSONL topic=LOOP_COMPLETE
2026-02-27T14:56:53.409577Z  INFO ralph_core::event_loop: Completion event detected - terminating
2026-02-27T14:56:53.409606Z  INFO ralph::loop_runner: Completion event LOOP_COMPLETE detected.
2026-02-27T14:56:53.409616Z  INFO ralph_core::event_loop: Wrapping up: completed. 5 iterations in 26m 40s. reason=completed iterations=5 duration=26m 40s
2026-02-27T14:56:53.419279Z  INFO ralph_core::landing: Beginning landing sequence loop_id=primary
2026-02-27T14:56:53.494645Z  INFO ralph_core::landing: Auto-committed changes during landing loop_id=primary commit=Some("aedb7f915dacfe62d9974a4c0f0da8147469090f") files=18
2026-02-27T14:56:54.192793Z  INFO ralph_core::landing: Generated handoff file loop_id=primary path=/Users/louloulin/Documents/linchong/ai/AiNiee-Next/.ralph/agent/handoff.md completed=40 open=0
2026-02-27T14:56:54.217398Z  INFO ralph_core::loop_completion: Landing completed with auto-commit commit=Some("aedb7f915dacfe62d9974a4c0f0da8147469090f") handoff=/Users/louloulin/Documents/linchong/ai/AiNiee-Next/.ralph/agent/handoff.md
2026-02-27T14:56:54.217409Z  INFO ralph::loop_runner: Primary loop landed successfully committed=true handoff=/Users/louloulin/Documents/linchong/ai/AiNiee-Next/.ralph/agent/handoff.md open_tasks=0
2026-02-27T14:58:19.611355Z  INFO ralph_tui::app: Ctrl+C detected, signaling main loop
